{"/Users/Jimmy/nearform/udaru-ui-admin/packages/udaru-admin-components/lib/create-team-form.js": {"path":"/Users/Jimmy/nearform/udaru-ui-admin/packages/udaru-admin-components/lib/create-team-form.js","statementMap":{"0":{"start":{"line":44,"column":6},"end":{"line":46,"column":7}},"1":{"start":{"line":52,"column":4},"end":{"line":52,"column":70}},"2":{"start":{"line":52,"column":59},"end":{"line":52,"column":69}},"3":{"start":{"line":57,"column":4},"end":{"line":65,"column":6}},"4":{"start":{"line":60,"column":21},"end":{"line":60,"column":63}},"5":{"start":{"line":62,"column":10},"end":{"line":62,"column":61}},"6":{"start":{"line":63,"column":10},"end":{"line":63,"column":22}},"7":{"start":{"line":70,"column":4},"end":{"line":70,"column":22}},"8":{"start":{"line":72,"column":4},"end":{"line":74,"column":27}},"9":{"start":{"line":79,"column":22},"end":{"line":79,"column":33}},"10":{"start":{"line":80,"column":18},"end":{"line":80,"column":32}},"11":{"start":{"line":81,"column":4},"end":{"line":86,"column":6}},"12":{"start":{"line":91,"column":22},"end":{"line":91,"column":33}},"13":{"start":{"line":92,"column":18},"end":{"line":92,"column":32}},"14":{"start":{"line":93,"column":4},"end":{"line":98,"column":6}},"15":{"start":{"line":102,"column":4},"end":{"line":204,"column":5}}},"fnMap":{"0":{"name":"(anonymous_0)","decl":{"start":{"line":43,"column":18},"end":{"line":43,"column":19}},"loc":{"start":{"line":43,"column":24},"end":{"line":47,"column":5}},"line":43},"1":{"name":"(anonymous_1)","decl":{"start":{"line":51,"column":2},"end":{"line":51,"column":3}},"loc":{"start":{"line":51,"column":16},"end":{"line":53,"column":3}},"line":51},"2":{"name":"(anonymous_2)","decl":{"start":{"line":52,"column":54},"end":{"line":52,"column":55}},"loc":{"start":{"line":52,"column":59},"end":{"line":52,"column":69}},"line":52},"3":{"name":"(anonymous_3)","decl":{"start":{"line":56,"column":2},"end":{"line":56,"column":3}},"loc":{"start":{"line":56,"column":17},"end":{"line":66,"column":3}},"line":56},"4":{"name":"(anonymous_4)","decl":{"start":{"line":60,"column":13},"end":{"line":60,"column":14}},"loc":{"start":{"line":60,"column":21},"end":{"line":60,"column":63}},"line":60},"5":{"name":"(anonymous_5)","decl":{"start":{"line":61,"column":16},"end":{"line":61,"column":17}},"loc":{"start":{"line":61,"column":43},"end":{"line":64,"column":9}},"line":61},"6":{"name":"(anonymous_6)","decl":{"start":{"line":69,"column":2},"end":{"line":69,"column":3}},"loc":{"start":{"line":69,"column":14},"end":{"line":75,"column":3}},"line":69},"7":{"name":"(anonymous_7)","decl":{"start":{"line":78,"column":2},"end":{"line":78,"column":3}},"loc":{"start":{"line":78,"column":18},"end":{"line":87,"column":3}},"line":78},"8":{"name":"(anonymous_8)","decl":{"start":{"line":90,"column":2},"end":{"line":90,"column":3}},"loc":{"start":{"line":90,"column":16},"end":{"line":99,"column":3}},"line":90},"9":{"name":"(anonymous_9)","decl":{"start":{"line":101,"column":2},"end":{"line":101,"column":3}},"loc":{"start":{"line":101,"column":11},"end":{"line":205,"column":3}},"line":101}},"branchMap":{"0":{"loc":{"start":{"line":20,"column":10},"end":{"line":20,"column":29}},"type":"binary-expr","locations":[{"start":{"line":20,"column":10},"end":{"line":20,"column":23}},{"start":{"line":20,"column":27},"end":{"line":20,"column":29}}],"line":20},"1":{"loc":{"start":{"line":21,"column":12},"end":{"line":21,"column":33}},"type":"binary-expr","locations":[{"start":{"line":21,"column":12},"end":{"line":21,"column":27}},{"start":{"line":21,"column":31},"end":{"line":21,"column":33}}],"line":21},"2":{"loc":{"start":{"line":22,"column":19},"end":{"line":22,"column":47}},"type":"binary-expr","locations":[{"start":{"line":22,"column":19},"end":{"line":22,"column":41}},{"start":{"line":22,"column":45},"end":{"line":22,"column":47}}],"line":22},"3":{"loc":{"start":{"line":23,"column":14},"end":{"line":23,"column":37}},"type":"binary-expr","locations":[{"start":{"line":23,"column":14},"end":{"line":23,"column":31}},{"start":{"line":23,"column":35},"end":{"line":23,"column":37}}],"line":23},"4":{"loc":{"start":{"line":24,"column":16},"end":{"line":24,"column":41}},"type":"binary-expr","locations":[{"start":{"line":24,"column":16},"end":{"line":24,"column":35}},{"start":{"line":24,"column":39},"end":{"line":24,"column":41}}],"line":24},"5":{"loc":{"start":{"line":62,"column":23},"end":{"line":62,"column":61}},"type":"cond-expr","locations":[{"start":{"line":62,"column":42},"end":{"line":62,"column":51}},{"start":{"line":62,"column":54},"end":{"line":62,"column":61}}],"line":62},"6":{"loc":{"start":{"line":72,"column":11},"end":{"line":74,"column":27}},"type":"cond-expr","locations":[{"start":{"line":73,"column":8},"end":{"line":73,"column":54}},{"start":{"line":74,"column":8},"end":{"line":74,"column":27}}],"line":72},"7":{"loc":{"start":{"line":96,"column":21},"end":{"line":96,"column":59}},"type":"cond-expr","locations":[{"start":{"line":96,"column":40},"end":{"line":96,"column":49}},{"start":{"line":96,"column":52},"end":{"line":96,"column":59}}],"line":96},"8":{"loc":{"start":{"line":109,"column":13},"end":{"line":113,"column":13}},"type":"binary-expr","locations":[{"start":{"line":109,"column":13},"end":{"line":109,"column":38}},{"start":{"line":110,"column":14},"end":{"line":112,"column":22}}],"line":109}},"s":{"0":1,"1":4,"2":12,"3":2,"4":10,"5":10,"6":10,"7":3,"8":3,"9":16,"10":16,"11":16,"12":16,"13":16,"14":16,"15":55},"f":{"0":1,"1":4,"2":12,"3":2,"4":10,"5":10,"6":3,"7":16,"8":16,"9":55},"b":{"0":[16,16],"1":[16,16],"2":[16,16],"3":[16,16],"4":[16,16],"5":[4,6],"6":[1,2],"7":[15,1],"8":[55,2]},"_coverageSchema":"332fd63041d2c1bcb487cc26dd0d5f7d97098a6c","hash":"9132e920ca9c1b0dedd5b297f9003990687fb633"}
,"/Users/Jimmy/nearform/udaru-ui-admin/packages/udaru-admin-components/lib/create-team.js": {"path":"/Users/Jimmy/nearform/udaru-ui-admin/packages/udaru-admin-components/lib/create-team.js","statementMap":{"0":{"start":{"line":26,"column":6},"end":{"line":28,"column":7}},"1":{"start":{"line":33,"column":4},"end":{"line":36,"column":6}},"2":{"start":{"line":37,"column":4},"end":{"line":37,"column":59}},"3":{"start":{"line":41,"column":4},"end":{"line":42,"column":66}},"4":{"start":{"line":42,"column":6},"end":{"line":42,"column":66}},"5":{"start":{"line":43,"column":4},"end":{"line":44,"column":70}},"6":{"start":{"line":44,"column":6},"end":{"line":44,"column":70}},"7":{"start":{"line":46,"column":21},"end":{"line":50,"column":6}},"8":{"start":{"line":52,"column":4},"end":{"line":54,"column":5}},"9":{"start":{"line":53,"column":6},"end":{"line":53,"column":48}},"10":{"start":{"line":56,"column":17},"end":{"line":56,"column":38}},"11":{"start":{"line":58,"column":4},"end":{"line":58,"column":15}},"12":{"start":{"line":63,"column":45},"end":{"line":63,"column":55}},"13":{"start":{"line":65,"column":20},"end":{"line":68,"column":5}},"14":{"start":{"line":70,"column":17},"end":{"line":78,"column":5}},"15":{"start":{"line":80,"column":4},"end":{"line":90,"column":5}},"16":{"start":{"line":81,"column":6},"end":{"line":81,"column":46}},"17":{"start":{"line":82,"column":6},"end":{"line":84,"column":8}},"18":{"start":{"line":86,"column":6},"end":{"line":89,"column":8}},"19":{"start":{"line":95,"column":4},"end":{"line":99,"column":6}},"20":{"start":{"line":103,"column":4},"end":{"line":131,"column":5}}},"fnMap":{"0":{"name":"(anonymous_0)","decl":{"start":{"line":25,"column":14},"end":{"line":25,"column":15}},"loc":{"start":{"line":25,"column":20},"end":{"line":29,"column":5}},"line":25},"1":{"name":"(anonymous_1)","decl":{"start":{"line":32,"column":2},"end":{"line":32,"column":3}},"loc":{"start":{"line":32,"column":33},"end":{"line":38,"column":3}},"line":32},"2":{"name":"(anonymous_2)","decl":{"start":{"line":40,"column":2},"end":{"line":40,"column":3}},"loc":{"start":{"line":40,"column":33},"end":{"line":59,"column":3}},"line":40},"3":{"name":"(anonymous_3)","decl":{"start":{"line":62,"column":2},"end":{"line":62,"column":3}},"loc":{"start":{"line":62,"column":33},"end":{"line":91,"column":3}},"line":62},"4":{"name":"(anonymous_4)","decl":{"start":{"line":94,"column":2},"end":{"line":94,"column":3}},"loc":{"start":{"line":94,"column":14},"end":{"line":100,"column":3}},"line":94},"5":{"name":"(anonymous_5)","decl":{"start":{"line":102,"column":2},"end":{"line":102,"column":3}},"loc":{"start":{"line":102,"column":11},"end":{"line":132,"column":3}},"line":102}},"branchMap":{"0":{"loc":{"start":{"line":37,"column":4},"end":{"line":37,"column":59}},"type":"binary-expr","locations":[{"start":{"line":37,"column":4},"end":{"line":37,"column":23}},{"start":{"line":37,"column":27},"end":{"line":37,"column":59}}],"line":37},"1":{"loc":{"start":{"line":41,"column":4},"end":{"line":42,"column":66}},"type":"if","locations":[{"start":{"line":41,"column":4},"end":{"line":42,"column":66}},{"start":{"line":41,"column":4},"end":{"line":42,"column":66}}],"line":41},"2":{"loc":{"start":{"line":43,"column":4},"end":{"line":44,"column":70}},"type":"if","locations":[{"start":{"line":43,"column":4},"end":{"line":44,"column":70}},{"start":{"line":43,"column":4},"end":{"line":44,"column":70}}],"line":43},"3":{"loc":{"start":{"line":52,"column":4},"end":{"line":54,"column":5}},"type":"if","locations":[{"start":{"line":52,"column":4},"end":{"line":54,"column":5}},{"start":{"line":52,"column":4},"end":{"line":54,"column":5}}],"line":52},"4":{"loc":{"start":{"line":66,"column":10},"end":{"line":66,"column":44}},"type":"binary-expr","locations":[{"start":{"line":66,"column":10},"end":{"line":66,"column":23}},{"start":{"line":66,"column":27},"end":{"line":66,"column":44}}],"line":66},"5":{"loc":{"start":{"line":67,"column":10},"end":{"line":67,"column":24}},"type":"binary-expr","locations":[{"start":{"line":67,"column":10},"end":{"line":67,"column":13}},{"start":{"line":67,"column":17},"end":{"line":67,"column":24}}],"line":67},"6":{"loc":{"start":{"line":103,"column":11},"end":{"line":131,"column":5}},"type":"cond-expr","locations":[{"start":{"line":104,"column":6},"end":{"line":112,"column":13}},{"start":{"line":114,"column":6},"end":{"line":130,"column":13}}],"line":103},"7":{"loc":{"start":{"line":117,"column":13},"end":{"line":122,"column":13}},"type":"binary-expr","locations":[{"start":{"line":117,"column":13},"end":{"line":117,"column":32}},{"start":{"line":118,"column":14},"end":{"line":121,"column":22}}],"line":117},"8":{"loc":{"start":{"line":120,"column":17},"end":{"line":120,"column":76}},"type":"binary-expr","locations":[{"start":{"line":120,"column":17},"end":{"line":120,"column":40}},{"start":{"line":120,"column":44},"end":{"line":120,"column":76}}],"line":120}},"s":{"0":1,"1":1,"2":1,"3":4,"4":1,"5":3,"6":1,"7":2,"8":2,"9":1,"10":1,"11":1,"12":4,"13":4,"14":4,"15":4,"16":4,"17":1,"18":3,"19":1,"20":14},"f":{"0":1,"1":1,"2":4,"3":4,"4":1,"5":14},"b":{"0":[1,1],"1":[1,3],"2":[1,2],"3":[1,1],"4":[4,3],"5":[4,2],"6":[1,13],"7":[13,4],"8":[4,4]},"_coverageSchema":"332fd63041d2c1bcb487cc26dd0d5f7d97098a6c","hash":"39abfcc0b9775ef35bad0b4bd6fb5709e4242870"}
,"/Users/Jimmy/nearform/udaru-ui-admin/packages/udaru-admin-components/lib/delete-team.js": {"path":"/Users/Jimmy/nearform/udaru-ui-admin/packages/udaru-admin-components/lib/delete-team.js","statementMap":{"0":{"start":{"line":31,"column":6},"end":{"line":33,"column":7}},"1":{"start":{"line":38,"column":4},"end":{"line":41,"column":6}},"2":{"start":{"line":42,"column":4},"end":{"line":42,"column":59}},"3":{"start":{"line":46,"column":4},"end":{"line":47,"column":66}},"4":{"start":{"line":47,"column":6},"end":{"line":47,"column":66}},"5":{"start":{"line":48,"column":4},"end":{"line":49,"column":70}},"6":{"start":{"line":49,"column":6},"end":{"line":49,"column":70}},"7":{"start":{"line":51,"column":21},"end":{"line":57,"column":5}},"8":{"start":{"line":59,"column":4},"end":{"line":61,"column":5}},"9":{"start":{"line":60,"column":6},"end":{"line":60,"column":63}},"10":{"start":{"line":66,"column":45},"end":{"line":66,"column":55}},"11":{"start":{"line":68,"column":20},"end":{"line":71,"column":5}},"12":{"start":{"line":73,"column":17},"end":{"line":76,"column":5}},"13":{"start":{"line":78,"column":4},"end":{"line":88,"column":5}},"14":{"start":{"line":79,"column":6},"end":{"line":79,"column":48}},"15":{"start":{"line":80,"column":6},"end":{"line":82,"column":8}},"16":{"start":{"line":84,"column":6},"end":{"line":87,"column":8}},"17":{"start":{"line":93,"column":4},"end":{"line":98,"column":8}},"18":{"start":{"line":102,"column":4},"end":{"line":156,"column":5}}},"fnMap":{"0":{"name":"(anonymous_0)","decl":{"start":{"line":30,"column":14},"end":{"line":30,"column":15}},"loc":{"start":{"line":30,"column":20},"end":{"line":34,"column":5}},"line":30},"1":{"name":"(anonymous_1)","decl":{"start":{"line":37,"column":2},"end":{"line":37,"column":3}},"loc":{"start":{"line":37,"column":33},"end":{"line":43,"column":3}},"line":37},"2":{"name":"(anonymous_2)","decl":{"start":{"line":45,"column":2},"end":{"line":45,"column":3}},"loc":{"start":{"line":45,"column":35},"end":{"line":62,"column":3}},"line":45},"3":{"name":"(anonymous_3)","decl":{"start":{"line":65,"column":2},"end":{"line":65,"column":3}},"loc":{"start":{"line":65,"column":44},"end":{"line":89,"column":3}},"line":65},"4":{"name":"(anonymous_4)","decl":{"start":{"line":92,"column":2},"end":{"line":92,"column":3}},"loc":{"start":{"line":92,"column":14},"end":{"line":99,"column":3}},"line":92},"5":{"name":"(anonymous_5)","decl":{"start":{"line":101,"column":2},"end":{"line":101,"column":3}},"loc":{"start":{"line":101,"column":11},"end":{"line":157,"column":3}},"line":101}},"branchMap":{"0":{"loc":{"start":{"line":9,"column":18},"end":{"line":11,"column":78}},"type":"cond-expr","locations":[{"start":{"line":10,"column":8},"end":{"line":10,"column":43}},{"start":{"line":11,"column":8},"end":{"line":11,"column":78}}],"line":9},"1":{"loc":{"start":{"line":11,"column":8},"end":{"line":11,"column":78}},"type":"cond-expr","locations":[{"start":{"line":11,"column":36},"end":{"line":11,"column":73}},{"start":{"line":11,"column":76},"end":{"line":11,"column":78}}],"line":11},"2":{"loc":{"start":{"line":42,"column":4},"end":{"line":42,"column":59}},"type":"binary-expr","locations":[{"start":{"line":42,"column":4},"end":{"line":42,"column":23}},{"start":{"line":42,"column":27},"end":{"line":42,"column":59}}],"line":42},"3":{"loc":{"start":{"line":46,"column":4},"end":{"line":47,"column":66}},"type":"if","locations":[{"start":{"line":46,"column":4},"end":{"line":47,"column":66}},{"start":{"line":46,"column":4},"end":{"line":47,"column":66}}],"line":46},"4":{"loc":{"start":{"line":48,"column":4},"end":{"line":49,"column":70}},"type":"if","locations":[{"start":{"line":48,"column":4},"end":{"line":49,"column":70}},{"start":{"line":48,"column":4},"end":{"line":49,"column":70}}],"line":48},"5":{"loc":{"start":{"line":59,"column":4},"end":{"line":61,"column":5}},"type":"if","locations":[{"start":{"line":59,"column":4},"end":{"line":61,"column":5}},{"start":{"line":59,"column":4},"end":{"line":61,"column":5}}],"line":59},"6":{"loc":{"start":{"line":69,"column":10},"end":{"line":69,"column":44}},"type":"binary-expr","locations":[{"start":{"line":69,"column":10},"end":{"line":69,"column":23}},{"start":{"line":69,"column":27},"end":{"line":69,"column":44}}],"line":69},"7":{"loc":{"start":{"line":70,"column":10},"end":{"line":70,"column":24}},"type":"binary-expr","locations":[{"start":{"line":70,"column":10},"end":{"line":70,"column":13}},{"start":{"line":70,"column":17},"end":{"line":70,"column":24}}],"line":70},"8":{"loc":{"start":{"line":93,"column":4},"end":{"line":98,"column":8}},"type":"binary-expr","locations":[{"start":{"line":93,"column":4},"end":{"line":93,"column":35}},{"start":{"line":94,"column":6},"end":{"line":98,"column":8}}],"line":93},"9":{"loc":{"start":{"line":102,"column":11},"end":{"line":156,"column":5}},"type":"cond-expr","locations":[{"start":{"line":103,"column":6},"end":{"line":117,"column":13}},{"start":{"line":118,"column":8},"end":{"line":156,"column":5}}],"line":102},"10":{"loc":{"start":{"line":108,"column":18},"end":{"line":110,"column":15}},"type":"binary-expr","locations":[{"start":{"line":108,"column":18},"end":{"line":108,"column":49}},{"start":{"line":108,"column":53},"end":{"line":110,"column":15}}],"line":108},"11":{"loc":{"start":{"line":113,"column":15},"end":{"line":113,"column":74}},"type":"binary-expr","locations":[{"start":{"line":113,"column":15},"end":{"line":113,"column":38}},{"start":{"line":113,"column":42},"end":{"line":113,"column":74}}],"line":113},"12":{"loc":{"start":{"line":118,"column":8},"end":{"line":156,"column":5}},"type":"cond-expr","locations":[{"start":{"line":119,"column":6},"end":{"line":127,"column":13}},{"start":{"line":129,"column":6},"end":{"line":155,"column":13}}],"line":118}},"s":{"0":1,"1":1,"2":1,"3":4,"4":1,"5":3,"6":1,"7":2,"8":2,"9":1,"10":4,"11":4,"12":4,"13":4,"14":4,"15":1,"16":3,"17":1,"18":16},"f":{"0":1,"1":1,"2":4,"3":4,"4":1,"5":16},"b":{"0":[3,7],"1":[1,6],"2":[1,1],"3":[1,3],"4":[1,2],"5":[1,1],"6":[4,3],"7":[4,4],"8":[1,1],"9":[7,9],"10":[7,2],"11":[7,7],"12":[1,8]},"_coverageSchema":"332fd63041d2c1bcb487cc26dd0d5f7d97098a6c","hash":"b62eeff0a481a3ff6bb9bad5c0ba747aa2a01ca8"}
,"/Users/Jimmy/nearform/udaru-ui-admin/packages/udaru-admin-components/lib/index.js": {"path":"/Users/Jimmy/nearform/udaru-ui-admin/packages/udaru-admin-components/lib/index.js","statementMap":{},"fnMap":{},"branchMap":{},"s":{},"f":{},"b":{},"_coverageSchema":"332fd63041d2c1bcb487cc26dd0d5f7d97098a6c","hash":"bbbeb1fe149a23f036810cb68c215bde5217d729"}
,"/Users/Jimmy/nearform/udaru-ui-admin/packages/udaru-admin-components/lib/makeCancellable.js": {"path":"/Users/Jimmy/nearform/udaru-ui-admin/packages/udaru-admin-components/lib/makeCancellable.js","statementMap":{"0":{"start":{"line":2,"column":31},"end":{"line":16,"column":1}},"1":{"start":{"line":3,"column":21},"end":{"line":3,"column":26}},"2":{"start":{"line":5,"column":2},"end":{"line":15,"column":3}},"3":{"start":{"line":7,"column":6},"end":{"line":10,"column":7}},"4":{"start":{"line":8,"column":16},"end":{"line":8,"column":74}},"5":{"start":{"line":9,"column":18},"end":{"line":9,"column":77}},"6":{"start":{"line":13,"column":6},"end":{"line":13,"column":25}}},"fnMap":{"0":{"name":"(anonymous_0)","decl":{"start":{"line":2,"column":31},"end":{"line":2,"column":32}},"loc":{"start":{"line":2,"column":42},"end":{"line":16,"column":1}},"line":2},"1":{"name":"(anonymous_1)","decl":{"start":{"line":6,"column":25},"end":{"line":6,"column":26}},"loc":{"start":{"line":6,"column":46},"end":{"line":11,"column":5}},"line":6},"2":{"name":"(anonymous_2)","decl":{"start":{"line":8,"column":8},"end":{"line":8,"column":9}},"loc":{"start":{"line":8,"column":16},"end":{"line":8,"column":74}},"line":8},"3":{"name":"(anonymous_3)","decl":{"start":{"line":9,"column":8},"end":{"line":9,"column":9}},"loc":{"start":{"line":9,"column":18},"end":{"line":9,"column":77}},"line":9}},"branchMap":{"0":{"loc":{"start":{"line":8,"column":16},"end":{"line":8,"column":74}},"type":"cond-expr","locations":[{"start":{"line":8,"column":31},"end":{"line":8,"column":59}},{"start":{"line":8,"column":62},"end":{"line":8,"column":74}}],"line":8},"1":{"loc":{"start":{"line":9,"column":18},"end":{"line":9,"column":77}},"type":"cond-expr","locations":[{"start":{"line":9,"column":33},"end":{"line":9,"column":61}},{"start":{"line":9,"column":64},"end":{"line":9,"column":77}}],"line":9}},"s":{"0":2,"1":5,"2":5,"3":5,"4":3,"5":2,"6":2},"f":{"0":5,"1":5,"2":3,"3":2},"b":{"0":[1,2],"1":[1,1]},"_coverageSchema":"332fd63041d2c1bcb487cc26dd0d5f7d97098a6c","hash":"d92f70ee65344ffcf35cca7c4c22743caa9e3757"}
,"/Users/Jimmy/nearform/udaru-ui-admin/packages/udaru-admin-components/lib/nested-team-table.js": {"path":"/Users/Jimmy/nearform/udaru-ui-admin/packages/udaru-admin-components/lib/nested-team-table.js","statementMap":{"0":{"start":{"line":8,"column":4},"end":{"line":8,"column":66}},"1":{"start":{"line":13,"column":4},"end":{"line":24,"column":5}},"2":{"start":{"line":20,"column":23},"end":{"line":20,"column":40}},"3":{"start":{"line":39,"column":8},"end":{"line":39,"column":18}},"4":{"start":{"line":41,"column":4},"end":{"line":80,"column":5}}},"fnMap":{"0":{"name":"(anonymous_0)","decl":{"start":{"line":7,"column":2},"end":{"line":7,"column":3}},"loc":{"start":{"line":7,"column":18},"end":{"line":9,"column":3}},"line":7},"1":{"name":"(anonymous_1)","decl":{"start":{"line":12,"column":2},"end":{"line":12,"column":3}},"loc":{"start":{"line":12,"column":24},"end":{"line":25,"column":3}},"line":12},"2":{"name":"(anonymous_2)","decl":{"start":{"line":20,"column":17},"end":{"line":20,"column":18}},"loc":{"start":{"line":20,"column":23},"end":{"line":20,"column":40}},"line":20},"3":{"name":"(anonymous_3)","decl":{"start":{"line":27,"column":2},"end":{"line":27,"column":3}},"loc":{"start":{"line":27,"column":11},"end":{"line":81,"column":3}},"line":27}},"branchMap":{},"s":{"0":1,"1":2,"2":1,"3":2,"4":2},"f":{"0":1,"1":2,"2":1,"3":2},"b":{},"_coverageSchema":"332fd63041d2c1bcb487cc26dd0d5f7d97098a6c","hash":"f7fbf16349722150beff3a7e04de033921be75e2"}
,"/Users/Jimmy/nearform/udaru-ui-admin/packages/udaru-admin-components/lib/remote-paging.js": {"path":"/Users/Jimmy/nearform/udaru-ui-admin/packages/udaru-admin-components/lib/remote-paging.js","statementMap":{"0":{"start":{"line":37,"column":4},"end":{"line":37,"column":15}},"1":{"start":{"line":48,"column":8},"end":{"line":48,"column":18}},"2":{"start":{"line":49,"column":4},"end":{"line":58,"column":5}},"3":{"start":{"line":63,"column":4},"end":{"line":78,"column":5}},"4":{"start":{"line":94,"column":8},"end":{"line":94,"column":18}},"5":{"start":{"line":96,"column":4},"end":{"line":150,"column":5}}},"fnMap":{"0":{"name":"(anonymous_0)","decl":{"start":{"line":36,"column":2},"end":{"line":36,"column":3}},"loc":{"start":{"line":36,"column":21},"end":{"line":38,"column":3}},"line":36},"1":{"name":"(anonymous_1)","decl":{"start":{"line":41,"column":2},"end":{"line":41,"column":3}},"loc":{"start":{"line":41,"column":23},"end":{"line":59,"column":3}},"line":41},"2":{"name":"(anonymous_2)","decl":{"start":{"line":62,"column":2},"end":{"line":62,"column":3}},"loc":{"start":{"line":62,"column":57},"end":{"line":79,"column":3}},"line":62},"3":{"name":"(anonymous_3)","decl":{"start":{"line":81,"column":2},"end":{"line":81,"column":3}},"loc":{"start":{"line":81,"column":11},"end":{"line":151,"column":3}},"line":81}},"branchMap":{"0":{"loc":{"start":{"line":63,"column":11},"end":{"line":78,"column":5}},"type":"cond-expr","locations":[{"start":{"line":64,"column":6},"end":{"line":75,"column":7}},{"start":{"line":77,"column":6},"end":{"line":77,"column":20}}],"line":63},"1":{"loc":{"start":{"line":64,"column":6},"end":{"line":75,"column":7}},"type":"cond-expr","locations":[{"start":{"line":65,"column":8},"end":{"line":67,"column":14}},{"start":{"line":69,"column":8},"end":{"line":74,"column":14}}],"line":64}},"s":{"0":1,"1":1,"2":1,"3":3,"4":4,"5":4},"f":{"0":1,"1":1,"2":3,"3":4},"b":{"0":[2,1],"1":[1,1]},"_coverageSchema":"332fd63041d2c1bcb487cc26dd0d5f7d97098a6c","hash":"7cdbc054169a0df64261647b0b2366204ef7c260"}
,"/Users/Jimmy/nearform/udaru-ui-admin/packages/udaru-admin-components/lib/team-users-table.js": {"path":"/Users/Jimmy/nearform/udaru-ui-admin/packages/udaru-admin-components/lib/team-users-table.js","statementMap":{"0":{"start":{"line":31,"column":8},"end":{"line":31,"column":18}},"1":{"start":{"line":33,"column":4},"end":{"line":65,"column":5}}},"fnMap":{"0":{"name":"(anonymous_0)","decl":{"start":{"line":22,"column":2},"end":{"line":22,"column":3}},"loc":{"start":{"line":22,"column":11},"end":{"line":66,"column":3}},"line":22}},"branchMap":{},"s":{"0":1,"1":1},"f":{"0":1},"b":{},"_coverageSchema":"332fd63041d2c1bcb487cc26dd0d5f7d97098a6c","hash":"79d35c97822ff79a3ded8e7d76eaa8ed7bf33193"}
,"/Users/Jimmy/nearform/udaru-ui-admin/packages/udaru-admin-components/lib/team-users.js": {"path":"/Users/Jimmy/nearform/udaru-ui-admin/packages/udaru-admin-components/lib/team-users.js","statementMap":{"0":{"start":{"line":21,"column":4},"end":{"line":21,"column":64}},"1":{"start":{"line":21,"column":34},"end":{"line":21,"column":63}},"2":{"start":{"line":27,"column":30},"end":{"line":29,"column":5}},"3":{"start":{"line":30,"column":4},"end":{"line":30,"column":49}},"4":{"start":{"line":32,"column":4},"end":{"line":49,"column":5}},"5":{"start":{"line":33,"column":6},"end":{"line":33,"column":49}},"6":{"start":{"line":34,"column":23},"end":{"line":34,"column":54}},"7":{"start":{"line":36,"column":6},"end":{"line":40,"column":8}},"8":{"start":{"line":42,"column":6},"end":{"line":42,"column":35}},"9":{"start":{"line":44,"column":6},"end":{"line":48,"column":7}},"10":{"start":{"line":45,"column":8},"end":{"line":47,"column":10}},"11":{"start":{"line":50,"column":4},"end":{"line":53,"column":6}},"12":{"start":{"line":57,"column":21},"end":{"line":67,"column":5}},"13":{"start":{"line":69,"column":4},"end":{"line":69,"column":58}},"14":{"start":{"line":69,"column":22},"end":{"line":69,"column":58}},"15":{"start":{"line":71,"column":17},"end":{"line":71,"column":38}},"16":{"start":{"line":73,"column":4},"end":{"line":73,"column":15}},"17":{"start":{"line":77,"column":4},"end":{"line":81,"column":5}},"18":{"start":{"line":85,"column":4},"end":{"line":85,"column":62}},"19":{"start":{"line":85,"column":45},"end":{"line":85,"column":61}},"20":{"start":{"line":90,"column":4},"end":{"line":90,"column":57}},"21":{"start":{"line":95,"column":4},"end":{"line":95,"column":75}},"22":{"start":{"line":99,"column":4},"end":{"line":115,"column":5}}},"fnMap":{"0":{"name":"(anonymous_0)","decl":{"start":{"line":20,"column":2},"end":{"line":20,"column":3}},"loc":{"start":{"line":20,"column":23},"end":{"line":22,"column":3}},"line":20},"1":{"name":"(anonymous_1)","decl":{"start":{"line":21,"column":23},"end":{"line":21,"column":24}},"loc":{"start":{"line":21,"column":34},"end":{"line":21,"column":63}},"line":21},"2":{"name":"(anonymous_2)","decl":{"start":{"line":26,"column":2},"end":{"line":26,"column":3}},"loc":{"start":{"line":26,"column":40},"end":{"line":54,"column":3}},"line":26},"3":{"name":"(anonymous_3)","decl":{"start":{"line":56,"column":2},"end":{"line":56,"column":3}},"loc":{"start":{"line":56,"column":41},"end":{"line":74,"column":3}},"line":56},"4":{"name":"(anonymous_4)","decl":{"start":{"line":76,"column":2},"end":{"line":76,"column":3}},"loc":{"start":{"line":76,"column":22},"end":{"line":82,"column":3}},"line":76},"5":{"name":"(anonymous_5)","decl":{"start":{"line":84,"column":2},"end":{"line":84,"column":3}},"loc":{"start":{"line":84,"column":25},"end":{"line":86,"column":3}},"line":84},"6":{"name":"(anonymous_6)","decl":{"start":{"line":85,"column":34},"end":{"line":85,"column":35}},"loc":{"start":{"line":85,"column":45},"end":{"line":85,"column":61}},"line":85},"7":{"name":"(anonymous_7)","decl":{"start":{"line":89,"column":2},"end":{"line":89,"column":3}},"loc":{"start":{"line":89,"column":34},"end":{"line":91,"column":3}},"line":89},"8":{"name":"(anonymous_8)","decl":{"start":{"line":94,"column":2},"end":{"line":94,"column":3}},"loc":{"start":{"line":94,"column":33},"end":{"line":96,"column":3}},"line":94},"9":{"name":"(anonymous_9)","decl":{"start":{"line":98,"column":2},"end":{"line":98,"column":3}},"loc":{"start":{"line":98,"column":11},"end":{"line":116,"column":3}},"line":98}},"branchMap":{"0":{"loc":{"start":{"line":44,"column":6},"end":{"line":48,"column":7}},"type":"if","locations":[{"start":{"line":44,"column":6},"end":{"line":48,"column":7}},{"start":{"line":44,"column":6},"end":{"line":48,"column":7}}],"line":44},"1":{"loc":{"start":{"line":69,"column":4},"end":{"line":69,"column":58}},"type":"if","locations":[{"start":{"line":69,"column":4},"end":{"line":69,"column":58}},{"start":{"line":69,"column":4},"end":{"line":69,"column":58}}],"line":69},"2":{"loc":{"start":{"line":99,"column":11},"end":{"line":115,"column":5}},"type":"cond-expr","locations":[{"start":{"line":100,"column":6},"end":{"line":100,"column":22}},{"start":{"line":101,"column":8},"end":{"line":115,"column":5}}],"line":99},"3":{"loc":{"start":{"line":101,"column":8},"end":{"line":115,"column":5}},"type":"cond-expr","locations":[{"start":{"line":102,"column":6},"end":{"line":102,"column":20}},{"start":{"line":104,"column":6},"end":{"line":114,"column":7}}],"line":101},"4":{"loc":{"start":{"line":104,"column":6},"end":{"line":114,"column":7}},"type":"binary-expr","locations":[{"start":{"line":104,"column":6},"end":{"line":104,"column":22}},{"start":{"line":105,"column":8},"end":{"line":113,"column":10}}],"line":104}},"s":{"0":0,"1":0,"2":0,"3":0,"4":0,"5":0,"6":0,"7":0,"8":0,"9":0,"10":0,"11":0,"12":0,"13":0,"14":0,"15":0,"16":0,"17":0,"18":0,"19":0,"20":0,"21":0,"22":0},"f":{"0":0,"1":0,"2":0,"3":0,"4":0,"5":0,"6":0,"7":0,"8":0,"9":0},"b":{"0":[0,0],"1":[0,0],"2":[0,0],"3":[0,0],"4":[0,0]},"_coverageSchema":"332fd63041d2c1bcb487cc26dd0d5f7d97098a6c","hash":"25e6c725806c8cd6115f1b6ff911380eaf6c4a4a"}
,"/Users/Jimmy/nearform/udaru-ui-admin/packages/udaru-admin-components/lib/team.js": {"path":"/Users/Jimmy/nearform/udaru-ui-admin/packages/udaru-admin-components/lib/team.js","statementMap":{"0":{"start":{"line":6,"column":62},"end":{"line":6,"column":72}},"1":{"start":{"line":8,"column":4},"end":{"line":34,"column":5}}},"fnMap":{"0":{"name":"(anonymous_0)","decl":{"start":{"line":5,"column":2},"end":{"line":5,"column":3}},"loc":{"start":{"line":5,"column":11},"end":{"line":35,"column":3}},"line":5}},"branchMap":{},"s":{"0":0,"1":0},"f":{"0":0},"b":{},"_coverageSchema":"332fd63041d2c1bcb487cc26dd0d5f7d97098a6c","hash":"c548c619a6838150705ad00fe33f33a73cb182c4"}
,"/Users/Jimmy/nearform/udaru-ui-admin/packages/udaru-admin-components/lib/teams-policies-mapper.js": {"path":"/Users/Jimmy/nearform/udaru-ui-admin/packages/udaru-admin-components/lib/teams-policies-mapper.js","statementMap":{"0":{"start":{"line":42,"column":6},"end":{"line":44,"column":7}},"1":{"start":{"line":52,"column":4},"end":{"line":52,"column":64}},"2":{"start":{"line":52,"column":34},"end":{"line":52,"column":63}},"3":{"start":{"line":56,"column":4},"end":{"line":56,"column":42}},"4":{"start":{"line":57,"column":4},"end":{"line":57,"column":47}},"5":{"start":{"line":59,"column":4},"end":{"line":66,"column":6}},"6":{"start":{"line":60,"column":6},"end":{"line":65,"column":7}},"7":{"start":{"line":63,"column":12},"end":{"line":63,"column":79}},"8":{"start":{"line":63,"column":51},"end":{"line":63,"column":78}},"9":{"start":{"line":70,"column":4},"end":{"line":70,"column":62}},"10":{"start":{"line":70,"column":45},"end":{"line":70,"column":61}},"11":{"start":{"line":71,"column":4},"end":{"line":71,"column":46}},"12":{"start":{"line":71,"column":30},"end":{"line":71,"column":45}},"13":{"start":{"line":75,"column":30},"end":{"line":75,"column":80}},"14":{"start":{"line":76,"column":4},"end":{"line":76,"column":49}},"15":{"start":{"line":78,"column":4},"end":{"line":95,"column":5}},"16":{"start":{"line":79,"column":6},"end":{"line":79,"column":49}},"17":{"start":{"line":80,"column":23},"end":{"line":80,"column":54}},"18":{"start":{"line":81,"column":6},"end":{"line":85,"column":8}},"19":{"start":{"line":87,"column":6},"end":{"line":87,"column":35}},"20":{"start":{"line":89,"column":6},"end":{"line":94,"column":7}},"21":{"start":{"line":90,"column":8},"end":{"line":93,"column":10}},"22":{"start":{"line":99,"column":21},"end":{"line":107,"column":5}},"23":{"start":{"line":109,"column":4},"end":{"line":109,"column":58}},"24":{"start":{"line":109,"column":22},"end":{"line":109,"column":58}},"25":{"start":{"line":111,"column":17},"end":{"line":111,"column":38}},"26":{"start":{"line":113,"column":4},"end":{"line":113,"column":15}},"27":{"start":{"line":117,"column":30},"end":{"line":117,"column":74}},"28":{"start":{"line":118,"column":4},"end":{"line":118,"column":49}},"29":{"start":{"line":120,"column":4},"end":{"line":137,"column":5}},"30":{"start":{"line":121,"column":6},"end":{"line":121,"column":49}},"31":{"start":{"line":122,"column":23},"end":{"line":122,"column":54}},"32":{"start":{"line":124,"column":6},"end":{"line":127,"column":8}},"33":{"start":{"line":129,"column":6},"end":{"line":129,"column":35}},"34":{"start":{"line":131,"column":6},"end":{"line":136,"column":7}},"35":{"start":{"line":132,"column":8},"end":{"line":135,"column":10}},"36":{"start":{"line":141,"column":21},"end":{"line":149,"column":5}},"37":{"start":{"line":151,"column":4},"end":{"line":151,"column":58}},"38":{"start":{"line":151,"column":22},"end":{"line":151,"column":58}},"39":{"start":{"line":153,"column":17},"end":{"line":153,"column":38}},"40":{"start":{"line":155,"column":4},"end":{"line":155,"column":15}},"41":{"start":{"line":160,"column":4},"end":{"line":160,"column":22}},"42":{"start":{"line":161,"column":30},"end":{"line":161,"column":76}},"43":{"start":{"line":162,"column":4},"end":{"line":162,"column":49}},"44":{"start":{"line":164,"column":4},"end":{"line":184,"column":5}},"45":{"start":{"line":165,"column":6},"end":{"line":165,"column":49}},"46":{"start":{"line":166,"column":6},"end":{"line":166,"column":37}},"47":{"start":{"line":168,"column":6},"end":{"line":171,"column":8}},"48":{"start":{"line":172,"column":6},"end":{"line":174,"column":7}},"49":{"start":{"line":173,"column":25},"end":{"line":173,"column":58}},"50":{"start":{"line":176,"column":6},"end":{"line":176,"column":35}},"51":{"start":{"line":178,"column":6},"end":{"line":183,"column":7}},"52":{"start":{"line":179,"column":8},"end":{"line":182,"column":10}},"53":{"start":{"line":188,"column":21},"end":{"line":200,"column":5}},"54":{"start":{"line":197,"column":53},"end":{"line":197,"column":57}},"55":{"start":{"line":202,"column":4},"end":{"line":202,"column":58}},"56":{"start":{"line":202,"column":22},"end":{"line":202,"column":58}},"57":{"start":{"line":204,"column":17},"end":{"line":204,"column":38}},"58":{"start":{"line":206,"column":4},"end":{"line":206,"column":15}},"59":{"start":{"line":211,"column":4},"end":{"line":215,"column":6}},"60":{"start":{"line":213,"column":18},"end":{"line":213,"column":30}},"61":{"start":{"line":220,"column":4},"end":{"line":224,"column":6}},"62":{"start":{"line":222,"column":18},"end":{"line":222,"column":30}},"63":{"start":{"line":229,"column":4},"end":{"line":245,"column":6}},"64":{"start":{"line":230,"column":6},"end":{"line":244,"column":7}},"65":{"start":{"line":233,"column":17},"end":{"line":233,"column":76}},"66":{"start":{"line":233,"column":60},"end":{"line":233,"column":75}},"67":{"start":{"line":239,"column":12},"end":{"line":239,"column":58}},"68":{"start":{"line":239,"column":42},"end":{"line":239,"column":57}},"69":{"start":{"line":250,"column":4},"end":{"line":266,"column":6}},"70":{"start":{"line":251,"column":6},"end":{"line":265,"column":7}},"71":{"start":{"line":255,"column":12},"end":{"line":255,"column":58}},"72":{"start":{"line":255,"column":42},"end":{"line":255,"column":57}},"73":{"start":{"line":260,"column":17},"end":{"line":260,"column":75}},"74":{"start":{"line":260,"column":59},"end":{"line":260,"column":74}},"75":{"start":{"line":271,"column":4},"end":{"line":273,"column":6}},"76":{"start":{"line":277,"column":4},"end":{"line":413,"column":5}},"77":{"start":{"line":326,"column":26},"end":{"line":328,"column":27}},"78":{"start":{"line":327,"column":28},"end":{"line":327,"column":37}},"79":{"start":{"line":329,"column":26},"end":{"line":331,"column":27}},"80":{"start":{"line":330,"column":28},"end":{"line":330,"column":36}},"81":{"start":{"line":333,"column":26},"end":{"line":333,"column":34}},"82":{"start":{"line":336,"column":26},"end":{"line":338,"column":35}},"83":{"start":{"line":377,"column":26},"end":{"line":379,"column":27}},"84":{"start":{"line":378,"column":28},"end":{"line":378,"column":37}},"85":{"start":{"line":380,"column":26},"end":{"line":382,"column":27}},"86":{"start":{"line":381,"column":28},"end":{"line":381,"column":36}},"87":{"start":{"line":384,"column":26},"end":{"line":384,"column":34}},"88":{"start":{"line":387,"column":26},"end":{"line":389,"column":35}}},"fnMap":{"0":{"name":"(anonymous_0)","decl":{"start":{"line":41,"column":14},"end":{"line":41,"column":15}},"loc":{"start":{"line":41,"column":20},"end":{"line":45,"column":5}},"line":41},"1":{"name":"(anonymous_1)","decl":{"start":{"line":51,"column":2},"end":{"line":51,"column":3}},"loc":{"start":{"line":51,"column":23},"end":{"line":53,"column":3}},"line":51},"2":{"name":"(anonymous_2)","decl":{"start":{"line":52,"column":23},"end":{"line":52,"column":24}},"loc":{"start":{"line":52,"column":34},"end":{"line":52,"column":63}},"line":52},"3":{"name":"(anonymous_3)","decl":{"start":{"line":55,"column":2},"end":{"line":55,"column":3}},"loc":{"start":{"line":55,"column":28},"end":{"line":67,"column":3}},"line":55},"4":{"name":"(anonymous_4)","decl":{"start":{"line":59,"column":29},"end":{"line":59,"column":30}},"loc":{"start":{"line":59,"column":38},"end":{"line":66,"column":5}},"line":59},"5":{"name":"(anonymous_5)","decl":{"start":{"line":62,"column":10},"end":{"line":62,"column":11}},"loc":{"start":{"line":63,"column":12},"end":{"line":63,"column":79}},"line":63},"6":{"name":"(anonymous_6)","decl":{"start":{"line":63,"column":37},"end":{"line":63,"column":38}},"loc":{"start":{"line":63,"column":51},"end":{"line":63,"column":78}},"line":63},"7":{"name":"(anonymous_7)","decl":{"start":{"line":69,"column":2},"end":{"line":69,"column":3}},"loc":{"start":{"line":69,"column":25},"end":{"line":72,"column":3}},"line":69},"8":{"name":"(anonymous_8)","decl":{"start":{"line":70,"column":34},"end":{"line":70,"column":35}},"loc":{"start":{"line":70,"column":45},"end":{"line":70,"column":61}},"line":70},"9":{"name":"(anonymous_9)","decl":{"start":{"line":71,"column":25},"end":{"line":71,"column":26}},"loc":{"start":{"line":71,"column":30},"end":{"line":71,"column":45}},"line":71},"10":{"name":"(anonymous_10)","decl":{"start":{"line":74,"column":2},"end":{"line":74,"column":3}},"loc":{"start":{"line":74,"column":36},"end":{"line":96,"column":3}},"line":74},"11":{"name":"(anonymous_11)","decl":{"start":{"line":98,"column":2},"end":{"line":98,"column":3}},"loc":{"start":{"line":98,"column":37},"end":{"line":114,"column":3}},"line":98},"12":{"name":"(anonymous_12)","decl":{"start":{"line":116,"column":2},"end":{"line":116,"column":3}},"loc":{"start":{"line":116,"column":30},"end":{"line":138,"column":3}},"line":116},"13":{"name":"(anonymous_13)","decl":{"start":{"line":140,"column":2},"end":{"line":140,"column":3}},"loc":{"start":{"line":140,"column":31},"end":{"line":156,"column":3}},"line":140},"14":{"name":"(anonymous_14)","decl":{"start":{"line":159,"column":2},"end":{"line":159,"column":3}},"loc":{"start":{"line":159,"column":20},"end":{"line":185,"column":3}},"line":159},"15":{"name":"(anonymous_15)","decl":{"start":{"line":173,"column":19},"end":{"line":173,"column":20}},"loc":{"start":{"line":173,"column":25},"end":{"line":173,"column":58}},"line":173},"16":{"name":"(anonymous_16)","decl":{"start":{"line":187,"column":2},"end":{"line":187,"column":3}},"loc":{"start":{"line":187,"column":22},"end":{"line":207,"column":3}},"line":187},"17":{"name":"(anonymous_17)","decl":{"start":{"line":197,"column":48},"end":{"line":197,"column":49}},"loc":{"start":{"line":197,"column":53},"end":{"line":197,"column":57}},"line":197},"18":{"name":"(anonymous_18)","decl":{"start":{"line":210,"column":2},"end":{"line":210,"column":3}},"loc":{"start":{"line":210,"column":29},"end":{"line":216,"column":3}},"line":210},"19":{"name":"(anonymous_19)","decl":{"start":{"line":213,"column":8},"end":{"line":213,"column":9}},"loc":{"start":{"line":213,"column":18},"end":{"line":213,"column":30}},"line":213},"20":{"name":"(anonymous_20)","decl":{"start":{"line":219,"column":2},"end":{"line":219,"column":3}},"loc":{"start":{"line":219,"column":28},"end":{"line":225,"column":3}},"line":219},"21":{"name":"(anonymous_21)","decl":{"start":{"line":222,"column":8},"end":{"line":222,"column":9}},"loc":{"start":{"line":222,"column":18},"end":{"line":222,"column":30}},"line":222},"22":{"name":"(anonymous_22)","decl":{"start":{"line":228,"column":2},"end":{"line":228,"column":3}},"loc":{"start":{"line":228,"column":15},"end":{"line":246,"column":3}},"line":228},"23":{"name":"(anonymous_23)","decl":{"start":{"line":229,"column":18},"end":{"line":229,"column":19}},"loc":{"start":{"line":229,"column":36},"end":{"line":245,"column":5}},"line":229},"24":{"name":"(anonymous_24)","decl":{"start":{"line":233,"column":12},"end":{"line":233,"column":13}},"loc":{"start":{"line":233,"column":17},"end":{"line":233,"column":76}},"line":233},"25":{"name":"(anonymous_25)","decl":{"start":{"line":233,"column":50},"end":{"line":233,"column":51}},"loc":{"start":{"line":233,"column":60},"end":{"line":233,"column":75}},"line":233},"26":{"name":"(anonymous_26)","decl":{"start":{"line":238,"column":44},"end":{"line":238,"column":45}},"loc":{"start":{"line":239,"column":12},"end":{"line":239,"column":58}},"line":239},"27":{"name":"(anonymous_27)","decl":{"start":{"line":239,"column":37},"end":{"line":239,"column":38}},"loc":{"start":{"line":239,"column":42},"end":{"line":239,"column":57}},"line":239},"28":{"name":"(anonymous_28)","decl":{"start":{"line":249,"column":2},"end":{"line":249,"column":3}},"loc":{"start":{"line":249,"column":16},"end":{"line":267,"column":3}},"line":249},"29":{"name":"(anonymous_29)","decl":{"start":{"line":250,"column":18},"end":{"line":250,"column":19}},"loc":{"start":{"line":250,"column":36},"end":{"line":266,"column":5}},"line":250},"30":{"name":"(anonymous_30)","decl":{"start":{"line":254,"column":43},"end":{"line":254,"column":44}},"loc":{"start":{"line":255,"column":12},"end":{"line":255,"column":58}},"line":255},"31":{"name":"(anonymous_31)","decl":{"start":{"line":255,"column":37},"end":{"line":255,"column":38}},"loc":{"start":{"line":255,"column":42},"end":{"line":255,"column":57}},"line":255},"32":{"name":"(anonymous_32)","decl":{"start":{"line":260,"column":12},"end":{"line":260,"column":13}},"loc":{"start":{"line":260,"column":17},"end":{"line":260,"column":75}},"line":260},"33":{"name":"(anonymous_33)","decl":{"start":{"line":260,"column":49},"end":{"line":260,"column":50}},"loc":{"start":{"line":260,"column":59},"end":{"line":260,"column":74}},"line":260},"34":{"name":"(anonymous_34)","decl":{"start":{"line":270,"column":2},"end":{"line":270,"column":3}},"loc":{"start":{"line":270,"column":14},"end":{"line":274,"column":3}},"line":270},"35":{"name":"(anonymous_35)","decl":{"start":{"line":276,"column":2},"end":{"line":276,"column":3}},"loc":{"start":{"line":276,"column":11},"end":{"line":414,"column":3}},"line":276},"36":{"name":"(anonymous_36)","decl":{"start":{"line":325,"column":30},"end":{"line":325,"column":31}},"loc":{"start":{"line":325,"column":40},"end":{"line":334,"column":25}},"line":325},"37":{"name":"(anonymous_37)","decl":{"start":{"line":335,"column":29},"end":{"line":335,"column":30}},"loc":{"start":{"line":336,"column":26},"end":{"line":338,"column":35}},"line":336},"38":{"name":"(anonymous_38)","decl":{"start":{"line":376,"column":30},"end":{"line":376,"column":31}},"loc":{"start":{"line":376,"column":40},"end":{"line":385,"column":25}},"line":376},"39":{"name":"(anonymous_39)","decl":{"start":{"line":386,"column":29},"end":{"line":386,"column":30}},"loc":{"start":{"line":387,"column":26},"end":{"line":389,"column":35}},"line":387}},"branchMap":{"0":{"loc":{"start":{"line":89,"column":6},"end":{"line":94,"column":7}},"type":"if","locations":[{"start":{"line":89,"column":6},"end":{"line":94,"column":7}},{"start":{"line":89,"column":6},"end":{"line":94,"column":7}}],"line":89},"1":{"loc":{"start":{"line":109,"column":4},"end":{"line":109,"column":58}},"type":"if","locations":[{"start":{"line":109,"column":4},"end":{"line":109,"column":58}},{"start":{"line":109,"column":4},"end":{"line":109,"column":58}}],"line":109},"2":{"loc":{"start":{"line":131,"column":6},"end":{"line":136,"column":7}},"type":"if","locations":[{"start":{"line":131,"column":6},"end":{"line":136,"column":7}},{"start":{"line":131,"column":6},"end":{"line":136,"column":7}}],"line":131},"3":{"loc":{"start":{"line":151,"column":4},"end":{"line":151,"column":58}},"type":"if","locations":[{"start":{"line":151,"column":4},"end":{"line":151,"column":58}},{"start":{"line":151,"column":4},"end":{"line":151,"column":58}}],"line":151},"4":{"loc":{"start":{"line":178,"column":6},"end":{"line":183,"column":7}},"type":"if","locations":[{"start":{"line":178,"column":6},"end":{"line":183,"column":7}},{"start":{"line":178,"column":6},"end":{"line":183,"column":7}}],"line":178},"5":{"loc":{"start":{"line":202,"column":4},"end":{"line":202,"column":58}},"type":"if","locations":[{"start":{"line":202,"column":4},"end":{"line":202,"column":58}},{"start":{"line":202,"column":4},"end":{"line":202,"column":58}}],"line":202},"6":{"loc":{"start":{"line":287,"column":11},"end":{"line":295,"column":11}},"type":"binary-expr","locations":[{"start":{"line":287,"column":11},"end":{"line":287,"column":29}},{"start":{"line":288,"column":12},"end":{"line":294,"column":18}}],"line":287},"7":{"loc":{"start":{"line":296,"column":11},"end":{"line":307,"column":11}},"type":"binary-expr","locations":[{"start":{"line":296,"column":11},"end":{"line":296,"column":27}},{"start":{"line":297,"column":12},"end":{"line":306,"column":18}}],"line":296},"8":{"loc":{"start":{"line":326,"column":26},"end":{"line":328,"column":27}},"type":"if","locations":[{"start":{"line":326,"column":26},"end":{"line":328,"column":27}},{"start":{"line":326,"column":26},"end":{"line":328,"column":27}}],"line":326},"9":{"loc":{"start":{"line":329,"column":26},"end":{"line":331,"column":27}},"type":"if","locations":[{"start":{"line":329,"column":26},"end":{"line":331,"column":27}},{"start":{"line":329,"column":26},"end":{"line":331,"column":27}}],"line":329},"10":{"loc":{"start":{"line":377,"column":26},"end":{"line":379,"column":27}},"type":"if","locations":[{"start":{"line":377,"column":26},"end":{"line":379,"column":27}},{"start":{"line":377,"column":26},"end":{"line":379,"column":27}}],"line":377},"11":{"loc":{"start":{"line":380,"column":26},"end":{"line":382,"column":27}},"type":"if","locations":[{"start":{"line":380,"column":26},"end":{"line":382,"column":27}},{"start":{"line":380,"column":26},"end":{"line":382,"column":27}}],"line":380}},"s":{"0":0,"1":0,"2":0,"3":0,"4":0,"5":0,"6":0,"7":0,"8":0,"9":0,"10":0,"11":0,"12":0,"13":0,"14":0,"15":0,"16":0,"17":0,"18":0,"19":0,"20":0,"21":0,"22":0,"23":0,"24":0,"25":0,"26":0,"27":0,"28":0,"29":0,"30":0,"31":0,"32":0,"33":0,"34":0,"35":0,"36":0,"37":0,"38":0,"39":0,"40":0,"41":0,"42":0,"43":0,"44":0,"45":0,"46":0,"47":0,"48":0,"49":0,"50":0,"51":0,"52":0,"53":0,"54":0,"55":0,"56":0,"57":0,"58":0,"59":0,"60":0,"61":0,"62":0,"63":0,"64":0,"65":0,"66":0,"67":0,"68":0,"69":0,"70":0,"71":0,"72":0,"73":0,"74":0,"75":0,"76":0,"77":0,"78":0,"79":0,"80":0,"81":0,"82":0,"83":0,"84":0,"85":0,"86":0,"87":0,"88":0},"f":{"0":0,"1":0,"2":0,"3":0,"4":0,"5":0,"6":0,"7":0,"8":0,"9":0,"10":0,"11":0,"12":0,"13":0,"14":0,"15":0,"16":0,"17":0,"18":0,"19":0,"20":0,"21":0,"22":0,"23":0,"24":0,"25":0,"26":0,"27":0,"28":0,"29":0,"30":0,"31":0,"32":0,"33":0,"34":0,"35":0,"36":0,"37":0,"38":0,"39":0},"b":{"0":[0,0],"1":[0,0],"2":[0,0],"3":[0,0],"4":[0,0],"5":[0,0],"6":[0,0],"7":[0,0],"8":[0,0],"9":[0,0],"10":[0,0],"11":[0,0]},"_coverageSchema":"332fd63041d2c1bcb487cc26dd0d5f7d97098a6c","hash":"fccae9541e46ab3b808bb39a137682b22e583d4f"}
,"/Users/Jimmy/nearform/udaru-ui-admin/packages/udaru-admin-components/lib/teams-table.js": {"path":"/Users/Jimmy/nearform/udaru-ui-admin/packages/udaru-admin-components/lib/teams-table.js","statementMap":{"0":{"start":{"line":14,"column":19},"end":{"line":14,"column":44}},"1":{"start":{"line":14,"column":25},"end":{"line":14,"column":44}},"2":{"start":{"line":15,"column":17},"end":{"line":15,"column":66}},"3":{"start":{"line":15,"column":23},"end":{"line":15,"column":66}},"4":{"start":{"line":72,"column":4},"end":{"line":72,"column":64}},"5":{"start":{"line":72,"column":34},"end":{"line":72,"column":63}},"6":{"start":{"line":78,"column":30},"end":{"line":78,"column":76}},"7":{"start":{"line":79,"column":4},"end":{"line":79,"column":49}},"8":{"start":{"line":81,"column":4},"end":{"line":103,"column":5}},"9":{"start":{"line":82,"column":6},"end":{"line":82,"column":49}},"10":{"start":{"line":83,"column":23},"end":{"line":83,"column":54}},"11":{"start":{"line":84,"column":6},"end":{"line":93,"column":8}},"12":{"start":{"line":95,"column":6},"end":{"line":95,"column":35}},"13":{"start":{"line":97,"column":6},"end":{"line":102,"column":7}},"14":{"start":{"line":98,"column":8},"end":{"line":101,"column":10}},"15":{"start":{"line":107,"column":21},"end":{"line":115,"column":5}},"16":{"start":{"line":117,"column":4},"end":{"line":117,"column":58}},"17":{"start":{"line":117,"column":22},"end":{"line":117,"column":58}},"18":{"start":{"line":119,"column":17},"end":{"line":119,"column":38}},"19":{"start":{"line":121,"column":4},"end":{"line":121,"column":15}},"20":{"start":{"line":125,"column":4},"end":{"line":125,"column":62}},"21":{"start":{"line":125,"column":45},"end":{"line":125,"column":61}},"22":{"start":{"line":129,"column":4},"end":{"line":129,"column":67}},"23":{"start":{"line":134,"column":4},"end":{"line":134,"column":38}},"24":{"start":{"line":139,"column":4},"end":{"line":139,"column":56}},"25":{"start":{"line":144,"column":4},"end":{"line":146,"column":6}},"26":{"start":{"line":151,"column":4},"end":{"line":153,"column":6}},"27":{"start":{"line":158,"column":4},"end":{"line":163,"column":6}},"28":{"start":{"line":159,"column":6},"end":{"line":162,"column":7}},"29":{"start":{"line":168,"column":4},"end":{"line":172,"column":6}},"30":{"start":{"line":177,"column":4},"end":{"line":177,"column":45}},"31":{"start":{"line":178,"column":4},"end":{"line":182,"column":6}},"32":{"start":{"line":187,"column":4},"end":{"line":189,"column":6}},"33":{"start":{"line":194,"column":4},"end":{"line":196,"column":6}},"34":{"start":{"line":201,"column":4},"end":{"line":204,"column":6}},"35":{"start":{"line":205,"column":4},"end":{"line":205,"column":67}},"36":{"start":{"line":210,"column":4},"end":{"line":232,"column":5}},"37":{"start":{"line":211,"column":6},"end":{"line":214,"column":8}},"38":{"start":{"line":216,"column":6},"end":{"line":231,"column":9}},"39":{"start":{"line":225,"column":26},"end":{"line":225,"column":41}},"40":{"start":{"line":227,"column":10},"end":{"line":230,"column":12}},"41":{"start":{"line":236,"column":31},"end":{"line":236,"column":41}},"42":{"start":{"line":238,"column":4},"end":{"line":319,"column":5}}},"fnMap":{"0":{"name":"(anonymous_0)","decl":{"start":{"line":14,"column":19},"end":{"line":14,"column":20}},"loc":{"start":{"line":14,"column":25},"end":{"line":14,"column":44}},"line":14},"1":{"name":"(anonymous_1)","decl":{"start":{"line":15,"column":17},"end":{"line":15,"column":18}},"loc":{"start":{"line":15,"column":23},"end":{"line":15,"column":66}},"line":15},"2":{"name":"(anonymous_2)","decl":{"start":{"line":71,"column":2},"end":{"line":71,"column":3}},"loc":{"start":{"line":71,"column":23},"end":{"line":73,"column":3}},"line":71},"3":{"name":"(anonymous_3)","decl":{"start":{"line":72,"column":23},"end":{"line":72,"column":24}},"loc":{"start":{"line":72,"column":34},"end":{"line":72,"column":63}},"line":72},"4":{"name":"(anonymous_4)","decl":{"start":{"line":77,"column":2},"end":{"line":77,"column":3}},"loc":{"start":{"line":77,"column":32},"end":{"line":104,"column":3}},"line":77},"5":{"name":"(anonymous_5)","decl":{"start":{"line":106,"column":2},"end":{"line":106,"column":3}},"loc":{"start":{"line":106,"column":33},"end":{"line":122,"column":3}},"line":106},"6":{"name":"(anonymous_6)","decl":{"start":{"line":124,"column":2},"end":{"line":124,"column":3}},"loc":{"start":{"line":124,"column":25},"end":{"line":126,"column":3}},"line":124},"7":{"name":"(anonymous_7)","decl":{"start":{"line":125,"column":34},"end":{"line":125,"column":35}},"loc":{"start":{"line":125,"column":45},"end":{"line":125,"column":61}},"line":125},"8":{"name":"(anonymous_8)","decl":{"start":{"line":128,"column":2},"end":{"line":128,"column":3}},"loc":{"start":{"line":128,"column":22},"end":{"line":130,"column":3}},"line":128},"9":{"name":"(anonymous_9)","decl":{"start":{"line":133,"column":2},"end":{"line":133,"column":3}},"loc":{"start":{"line":133,"column":34},"end":{"line":135,"column":3}},"line":133},"10":{"name":"(anonymous_10)","decl":{"start":{"line":138,"column":2},"end":{"line":138,"column":3}},"loc":{"start":{"line":138,"column":33},"end":{"line":140,"column":3}},"line":138},"11":{"name":"(anonymous_11)","decl":{"start":{"line":143,"column":2},"end":{"line":143,"column":3}},"loc":{"start":{"line":143,"column":24},"end":{"line":147,"column":3}},"line":143},"12":{"name":"(anonymous_12)","decl":{"start":{"line":150,"column":2},"end":{"line":150,"column":3}},"loc":{"start":{"line":150,"column":13},"end":{"line":154,"column":3}},"line":150},"13":{"name":"(anonymous_13)","decl":{"start":{"line":157,"column":2},"end":{"line":157,"column":3}},"loc":{"start":{"line":157,"column":11},"end":{"line":164,"column":3}},"line":157},"14":{"name":"(anonymous_14)","decl":{"start":{"line":158,"column":18},"end":{"line":158,"column":19}},"loc":{"start":{"line":158,"column":27},"end":{"line":163,"column":5}},"line":158},"15":{"name":"(anonymous_15)","decl":{"start":{"line":167,"column":2},"end":{"line":167,"column":3}},"loc":{"start":{"line":167,"column":35},"end":{"line":173,"column":3}},"line":167},"16":{"name":"(anonymous_16)","decl":{"start":{"line":176,"column":2},"end":{"line":176,"column":3}},"loc":{"start":{"line":176,"column":29},"end":{"line":183,"column":3}},"line":176},"17":{"name":"(anonymous_17)","decl":{"start":{"line":186,"column":2},"end":{"line":186,"column":3}},"loc":{"start":{"line":186,"column":13},"end":{"line":190,"column":3}},"line":186},"18":{"name":"(anonymous_18)","decl":{"start":{"line":193,"column":2},"end":{"line":193,"column":3}},"loc":{"start":{"line":193,"column":13},"end":{"line":197,"column":3}},"line":193},"19":{"name":"(anonymous_19)","decl":{"start":{"line":200,"column":2},"end":{"line":200,"column":3}},"loc":{"start":{"line":200,"column":13},"end":{"line":206,"column":3}},"line":200},"20":{"name":"(anonymous_20)","decl":{"start":{"line":209,"column":2},"end":{"line":209,"column":3}},"loc":{"start":{"line":209,"column":29},"end":{"line":233,"column":3}},"line":209},"21":{"name":"(anonymous_21)","decl":{"start":{"line":225,"column":14},"end":{"line":225,"column":15}},"loc":{"start":{"line":225,"column":26},"end":{"line":225,"column":41}},"line":225},"22":{"name":"(anonymous_22)","decl":{"start":{"line":226,"column":14},"end":{"line":226,"column":15}},"loc":{"start":{"line":227,"column":10},"end":{"line":230,"column":12}},"line":227},"23":{"name":"(anonymous_23)","decl":{"start":{"line":235,"column":2},"end":{"line":235,"column":3}},"loc":{"start":{"line":235,"column":11},"end":{"line":320,"column":3}},"line":235}},"branchMap":{"0":{"loc":{"start":{"line":97,"column":6},"end":{"line":102,"column":7}},"type":"if","locations":[{"start":{"line":97,"column":6},"end":{"line":102,"column":7}},{"start":{"line":97,"column":6},"end":{"line":102,"column":7}}],"line":97},"1":{"loc":{"start":{"line":117,"column":4},"end":{"line":117,"column":58}},"type":"if","locations":[{"start":{"line":117,"column":4},"end":{"line":117,"column":58}},{"start":{"line":117,"column":4},"end":{"line":117,"column":58}}],"line":117},"2":{"loc":{"start":{"line":210,"column":4},"end":{"line":232,"column":5}},"type":"if","locations":[{"start":{"line":210,"column":4},"end":{"line":232,"column":5}},{"start":{"line":210,"column":4},"end":{"line":232,"column":5}}],"line":210},"3":{"loc":{"start":{"line":238,"column":11},"end":{"line":319,"column":5}},"type":"cond-expr","locations":[{"start":{"line":239,"column":6},"end":{"line":239,"column":17}},{"start":{"line":240,"column":8},"end":{"line":319,"column":5}}],"line":238},"4":{"loc":{"start":{"line":240,"column":8},"end":{"line":319,"column":5}},"type":"cond-expr","locations":[{"start":{"line":241,"column":6},"end":{"line":241,"column":15}},{"start":{"line":242,"column":8},"end":{"line":319,"column":5}}],"line":240},"5":{"loc":{"start":{"line":242,"column":8},"end":{"line":319,"column":5}},"type":"cond-expr","locations":[{"start":{"line":243,"column":6},"end":{"line":248,"column":8}},{"start":{"line":249,"column":8},"end":{"line":319,"column":5}}],"line":242},"6":{"loc":{"start":{"line":249,"column":8},"end":{"line":319,"column":5}},"type":"cond-expr","locations":[{"start":{"line":250,"column":6},"end":{"line":258,"column":8}},{"start":{"line":259,"column":8},"end":{"line":319,"column":5}}],"line":249},"7":{"loc":{"start":{"line":259,"column":8},"end":{"line":319,"column":5}},"type":"cond-expr","locations":[{"start":{"line":260,"column":6},"end":{"line":268,"column":8}},{"start":{"line":269,"column":8},"end":{"line":319,"column":5}}],"line":259},"8":{"loc":{"start":{"line":269,"column":8},"end":{"line":319,"column":5}},"type":"cond-expr","locations":[{"start":{"line":270,"column":6},"end":{"line":276,"column":8}},{"start":{"line":277,"column":8},"end":{"line":319,"column":5}}],"line":269},"9":{"loc":{"start":{"line":277,"column":8},"end":{"line":319,"column":5}},"type":"cond-expr","locations":[{"start":{"line":278,"column":6},"end":{"line":285,"column":8}},{"start":{"line":286,"column":8},"end":{"line":319,"column":5}}],"line":277},"10":{"loc":{"start":{"line":286,"column":8},"end":{"line":319,"column":5}},"type":"cond-expr","locations":[{"start":{"line":287,"column":6},"end":{"line":316,"column":23}},{"start":{"line":318,"column":6},"end":{"line":318,"column":15}}],"line":286}},"s":{"0":1,"1":0,"2":1,"3":0,"4":0,"5":0,"6":0,"7":0,"8":0,"9":0,"10":0,"11":0,"12":0,"13":0,"14":0,"15":0,"16":0,"17":0,"18":0,"19":0,"20":0,"21":0,"22":0,"23":0,"24":0,"25":0,"26":0,"27":0,"28":0,"29":0,"30":0,"31":0,"32":0,"33":0,"34":0,"35":0,"36":0,"37":0,"38":0,"39":0,"40":0,"41":0,"42":0},"f":{"0":0,"1":0,"2":0,"3":0,"4":0,"5":0,"6":0,"7":0,"8":0,"9":0,"10":0,"11":0,"12":0,"13":0,"14":0,"15":0,"16":0,"17":0,"18":0,"19":0,"20":0,"21":0,"22":0,"23":0},"b":{"0":[0,0],"1":[0,0],"2":[0,0],"3":[0,0],"4":[0,0],"5":[0,0],"6":[0,0],"7":[0,0],"8":[0,0],"9":[0,0],"10":[0,0]},"_coverageSchema":"332fd63041d2c1bcb487cc26dd0d5f7d97098a6c","hash":"b42623ebf96ee3c857d75885e220bedbbda3e2d8"}
,"/Users/Jimmy/nearform/udaru-ui-admin/packages/udaru-admin-components/lib/toolbar.js": {"path":"/Users/Jimmy/nearform/udaru-ui-admin/packages/udaru-admin-components/lib/toolbar.js","statementMap":{"0":{"start":{"line":31,"column":4},"end":{"line":125,"column":5}}},"fnMap":{"0":{"name":"(anonymous_0)","decl":{"start":{"line":30,"column":2},"end":{"line":30,"column":3}},"loc":{"start":{"line":30,"column":11},"end":{"line":126,"column":3}},"line":30}},"branchMap":{"0":{"loc":{"start":{"line":41,"column":18},"end":{"line":41,"column":75}},"type":"cond-expr","locations":[{"start":{"line":41,"column":43},"end":{"line":41,"column":70}},{"start":{"line":41,"column":73},"end":{"line":41,"column":75}}],"line":41},"1":{"loc":{"start":{"line":61,"column":22},"end":{"line":61,"column":77}},"type":"cond-expr","locations":[{"start":{"line":61,"column":47},"end":{"line":61,"column":72}},{"start":{"line":61,"column":75},"end":{"line":61,"column":77}}],"line":61},"2":{"loc":{"start":{"line":70,"column":18},"end":{"line":70,"column":77}},"type":"cond-expr","locations":[{"start":{"line":70,"column":45},"end":{"line":70,"column":72}},{"start":{"line":70,"column":75},"end":{"line":70,"column":77}}],"line":70},"3":{"loc":{"start":{"line":90,"column":22},"end":{"line":90,"column":79}},"type":"cond-expr","locations":[{"start":{"line":90,"column":49},"end":{"line":90,"column":74}},{"start":{"line":90,"column":77},"end":{"line":90,"column":79}}],"line":90},"4":{"loc":{"start":{"line":99,"column":18},"end":{"line":99,"column":77}},"type":"cond-expr","locations":[{"start":{"line":99,"column":45},"end":{"line":99,"column":72}},{"start":{"line":99,"column":75},"end":{"line":99,"column":77}}],"line":99},"5":{"loc":{"start":{"line":114,"column":22},"end":{"line":114,"column":79}},"type":"cond-expr","locations":[{"start":{"line":114,"column":49},"end":{"line":114,"column":74}},{"start":{"line":114,"column":77},"end":{"line":114,"column":79}}],"line":114}},"s":{"0":2},"f":{"0":2},"b":{"0":[1,1],"1":[1,1],"2":[1,1],"3":[1,1],"4":[1,1],"5":[1,1]},"_coverageSchema":"332fd63041d2c1bcb487cc26dd0d5f7d97098a6c","hash":"cc5c3f5b7ebf82bd4b71d4306ebc39cde8f40e5f"}
,"/Users/Jimmy/nearform/udaru-ui-admin/packages/udaru-admin-components/lib/update-team-form.js": {"path":"/Users/Jimmy/nearform/udaru-ui-admin/packages/udaru-admin-components/lib/update-team-form.js","statementMap":{"0":{"start":{"line":36,"column":6},"end":{"line":38,"column":7}},"1":{"start":{"line":43,"column":4},"end":{"line":43,"column":23}},"2":{"start":{"line":48,"column":4},"end":{"line":48,"column":70}},"3":{"start":{"line":48,"column":59},"end":{"line":48,"column":69}},"4":{"start":{"line":53,"column":4},"end":{"line":61,"column":6}},"5":{"start":{"line":56,"column":21},"end":{"line":56,"column":63}},"6":{"start":{"line":58,"column":10},"end":{"line":58,"column":61}},"7":{"start":{"line":59,"column":10},"end":{"line":59,"column":22}},"8":{"start":{"line":66,"column":4},"end":{"line":66,"column":22}},"9":{"start":{"line":68,"column":4},"end":{"line":70,"column":27}},"10":{"start":{"line":75,"column":22},"end":{"line":75,"column":33}},"11":{"start":{"line":76,"column":18},"end":{"line":76,"column":32}},"12":{"start":{"line":77,"column":4},"end":{"line":82,"column":6}},"13":{"start":{"line":87,"column":22},"end":{"line":87,"column":33}},"14":{"start":{"line":88,"column":18},"end":{"line":88,"column":32}},"15":{"start":{"line":89,"column":4},"end":{"line":94,"column":6}},"16":{"start":{"line":95,"column":4},"end":{"line":95,"column":23}},"17":{"start":{"line":99,"column":4},"end":{"line":162,"column":5}}},"fnMap":{"0":{"name":"(anonymous_0)","decl":{"start":{"line":35,"column":18},"end":{"line":35,"column":19}},"loc":{"start":{"line":35,"column":24},"end":{"line":39,"column":5}},"line":35},"1":{"name":"(anonymous_1)","decl":{"start":{"line":42,"column":2},"end":{"line":42,"column":3}},"loc":{"start":{"line":42,"column":22},"end":{"line":44,"column":3}},"line":42},"2":{"name":"(anonymous_2)","decl":{"start":{"line":47,"column":2},"end":{"line":47,"column":3}},"loc":{"start":{"line":47,"column":16},"end":{"line":49,"column":3}},"line":47},"3":{"name":"(anonymous_3)","decl":{"start":{"line":48,"column":54},"end":{"line":48,"column":55}},"loc":{"start":{"line":48,"column":59},"end":{"line":48,"column":69}},"line":48},"4":{"name":"(anonymous_4)","decl":{"start":{"line":52,"column":2},"end":{"line":52,"column":3}},"loc":{"start":{"line":52,"column":17},"end":{"line":62,"column":3}},"line":52},"5":{"name":"(anonymous_5)","decl":{"start":{"line":56,"column":13},"end":{"line":56,"column":14}},"loc":{"start":{"line":56,"column":21},"end":{"line":56,"column":63}},"line":56},"6":{"name":"(anonymous_6)","decl":{"start":{"line":57,"column":16},"end":{"line":57,"column":17}},"loc":{"start":{"line":57,"column":43},"end":{"line":60,"column":9}},"line":57},"7":{"name":"(anonymous_7)","decl":{"start":{"line":65,"column":2},"end":{"line":65,"column":3}},"loc":{"start":{"line":65,"column":14},"end":{"line":71,"column":3}},"line":65},"8":{"name":"(anonymous_8)","decl":{"start":{"line":74,"column":2},"end":{"line":74,"column":3}},"loc":{"start":{"line":74,"column":18},"end":{"line":83,"column":3}},"line":74},"9":{"name":"(anonymous_9)","decl":{"start":{"line":86,"column":2},"end":{"line":86,"column":3}},"loc":{"start":{"line":86,"column":16},"end":{"line":96,"column":3}},"line":86},"10":{"name":"(anonymous_10)","decl":{"start":{"line":98,"column":2},"end":{"line":98,"column":3}},"loc":{"start":{"line":98,"column":11},"end":{"line":163,"column":3}},"line":98}},"branchMap":{"0":{"loc":{"start":{"line":20,"column":12},"end":{"line":20,"column":33}},"type":"binary-expr","locations":[{"start":{"line":20,"column":12},"end":{"line":20,"column":27}},{"start":{"line":20,"column":31},"end":{"line":20,"column":33}}],"line":20},"1":{"loc":{"start":{"line":21,"column":19},"end":{"line":21,"column":47}},"type":"binary-expr","locations":[{"start":{"line":21,"column":19},"end":{"line":21,"column":41}},{"start":{"line":21,"column":45},"end":{"line":21,"column":47}}],"line":21},"2":{"loc":{"start":{"line":58,"column":23},"end":{"line":58,"column":61}},"type":"cond-expr","locations":[{"start":{"line":58,"column":42},"end":{"line":58,"column":51}},{"start":{"line":58,"column":54},"end":{"line":58,"column":61}}],"line":58},"3":{"loc":{"start":{"line":68,"column":11},"end":{"line":70,"column":27}},"type":"cond-expr","locations":[{"start":{"line":69,"column":8},"end":{"line":69,"column":54}},{"start":{"line":70,"column":8},"end":{"line":70,"column":27}}],"line":68},"4":{"loc":{"start":{"line":92,"column":21},"end":{"line":92,"column":59}},"type":"cond-expr","locations":[{"start":{"line":92,"column":40},"end":{"line":92,"column":49}},{"start":{"line":92,"column":52},"end":{"line":92,"column":59}}],"line":92},"5":{"loc":{"start":{"line":106,"column":13},"end":{"line":110,"column":13}},"type":"binary-expr","locations":[{"start":{"line":106,"column":13},"end":{"line":106,"column":38}},{"start":{"line":107,"column":14},"end":{"line":109,"column":22}}],"line":106}},"s":{"0":0,"1":0,"2":0,"3":0,"4":0,"5":0,"6":0,"7":0,"8":0,"9":0,"10":0,"11":0,"12":0,"13":0,"14":0,"15":0,"16":0,"17":0},"f":{"0":0,"1":0,"2":0,"3":0,"4":0,"5":0,"6":0,"7":0,"8":0,"9":0,"10":0},"b":{"0":[0,0],"1":[0,0],"2":[0,0],"3":[0,0],"4":[0,0],"5":[0,0]},"_coverageSchema":"332fd63041d2c1bcb487cc26dd0d5f7d97098a6c","hash":"f89d0074ed2a33b94be0a6880517de77f67908a1"}
,"/Users/Jimmy/nearform/udaru-ui-admin/packages/udaru-admin-components/lib/update-team.js": {"path":"/Users/Jimmy/nearform/udaru-ui-admin/packages/udaru-admin-components/lib/update-team.js","statementMap":{"0":{"start":{"line":34,"column":6},"end":{"line":36,"column":7}},"1":{"start":{"line":41,"column":4},"end":{"line":44,"column":6}},"2":{"start":{"line":45,"column":4},"end":{"line":45,"column":48}},"3":{"start":{"line":49,"column":4},"end":{"line":50,"column":66}},"4":{"start":{"line":50,"column":6},"end":{"line":50,"column":66}},"5":{"start":{"line":51,"column":4},"end":{"line":52,"column":70}},"6":{"start":{"line":52,"column":6},"end":{"line":52,"column":70}},"7":{"start":{"line":54,"column":21},"end":{"line":61,"column":5}},"8":{"start":{"line":63,"column":4},"end":{"line":65,"column":5}},"9":{"start":{"line":64,"column":6},"end":{"line":64,"column":48}},"10":{"start":{"line":67,"column":17},"end":{"line":67,"column":38}},"11":{"start":{"line":69,"column":4},"end":{"line":69,"column":15}},"12":{"start":{"line":74,"column":45},"end":{"line":74,"column":55}},"13":{"start":{"line":76,"column":20},"end":{"line":79,"column":5}},"14":{"start":{"line":81,"column":17},"end":{"line":84,"column":5}},"15":{"start":{"line":86,"column":4},"end":{"line":96,"column":5}},"16":{"start":{"line":87,"column":6},"end":{"line":87,"column":48}},"17":{"start":{"line":88,"column":6},"end":{"line":90,"column":8}},"18":{"start":{"line":92,"column":6},"end":{"line":95,"column":8}},"19":{"start":{"line":101,"column":4},"end":{"line":106,"column":8}},"20":{"start":{"line":110,"column":4},"end":{"line":145,"column":5}}},"fnMap":{"0":{"name":"(anonymous_0)","decl":{"start":{"line":33,"column":14},"end":{"line":33,"column":15}},"loc":{"start":{"line":33,"column":20},"end":{"line":37,"column":5}},"line":33},"1":{"name":"(anonymous_1)","decl":{"start":{"line":40,"column":2},"end":{"line":40,"column":3}},"loc":{"start":{"line":40,"column":33},"end":{"line":46,"column":3}},"line":40},"2":{"name":"(anonymous_2)","decl":{"start":{"line":48,"column":2},"end":{"line":48,"column":3}},"loc":{"start":{"line":48,"column":35},"end":{"line":70,"column":3}},"line":48},"3":{"name":"(anonymous_3)","decl":{"start":{"line":73,"column":2},"end":{"line":73,"column":3}},"loc":{"start":{"line":73,"column":44},"end":{"line":97,"column":3}},"line":73},"4":{"name":"(anonymous_4)","decl":{"start":{"line":100,"column":2},"end":{"line":100,"column":3}},"loc":{"start":{"line":100,"column":14},"end":{"line":107,"column":3}},"line":100},"5":{"name":"(anonymous_5)","decl":{"start":{"line":109,"column":2},"end":{"line":109,"column":3}},"loc":{"start":{"line":109,"column":11},"end":{"line":146,"column":3}},"line":109}},"branchMap":{"0":{"loc":{"start":{"line":10,"column":6},"end":{"line":10,"column":63}},"type":"binary-expr","locations":[{"start":{"line":10,"column":6},"end":{"line":10,"column":31}},{"start":{"line":10,"column":35},"end":{"line":10,"column":63}}],"line":10},"1":{"loc":{"start":{"line":11,"column":14},"end":{"line":11,"column":71}},"type":"binary-expr","locations":[{"start":{"line":11,"column":14},"end":{"line":11,"column":39}},{"start":{"line":11,"column":43},"end":{"line":11,"column":71}}],"line":11},"2":{"loc":{"start":{"line":13,"column":6},"end":{"line":15,"column":12}},"type":"cond-expr","locations":[{"start":{"line":14,"column":10},"end":{"line":14,"column":45}},{"start":{"line":15,"column":10},"end":{"line":15,"column":12}}],"line":13},"3":{"loc":{"start":{"line":13,"column":6},"end":{"line":13,"column":63}},"type":"binary-expr","locations":[{"start":{"line":13,"column":6},"end":{"line":13,"column":31}},{"start":{"line":13,"column":35},"end":{"line":13,"column":63}}],"line":13},"4":{"loc":{"start":{"line":45,"column":4},"end":{"line":45,"column":48}},"type":"binary-expr","locations":[{"start":{"line":45,"column":4},"end":{"line":45,"column":23}},{"start":{"line":45,"column":27},"end":{"line":45,"column":48}}],"line":45},"5":{"loc":{"start":{"line":49,"column":4},"end":{"line":50,"column":66}},"type":"if","locations":[{"start":{"line":49,"column":4},"end":{"line":50,"column":66}},{"start":{"line":49,"column":4},"end":{"line":50,"column":66}}],"line":49},"6":{"loc":{"start":{"line":51,"column":4},"end":{"line":52,"column":70}},"type":"if","locations":[{"start":{"line":51,"column":4},"end":{"line":52,"column":70}},{"start":{"line":51,"column":4},"end":{"line":52,"column":70}}],"line":51},"7":{"loc":{"start":{"line":63,"column":4},"end":{"line":65,"column":5}},"type":"if","locations":[{"start":{"line":63,"column":4},"end":{"line":65,"column":5}},{"start":{"line":63,"column":4},"end":{"line":65,"column":5}}],"line":63},"8":{"loc":{"start":{"line":77,"column":10},"end":{"line":77,"column":44}},"type":"binary-expr","locations":[{"start":{"line":77,"column":10},"end":{"line":77,"column":23}},{"start":{"line":77,"column":27},"end":{"line":77,"column":44}}],"line":77},"9":{"loc":{"start":{"line":78,"column":10},"end":{"line":78,"column":24}},"type":"binary-expr","locations":[{"start":{"line":78,"column":10},"end":{"line":78,"column":13}},{"start":{"line":78,"column":17},"end":{"line":78,"column":24}}],"line":78},"10":{"loc":{"start":{"line":101,"column":4},"end":{"line":106,"column":8}},"type":"binary-expr","locations":[{"start":{"line":101,"column":4},"end":{"line":101,"column":35}},{"start":{"line":102,"column":6},"end":{"line":106,"column":8}}],"line":101},"11":{"loc":{"start":{"line":110,"column":11},"end":{"line":145,"column":5}},"type":"cond-expr","locations":[{"start":{"line":111,"column":6},"end":{"line":125,"column":13}},{"start":{"line":126,"column":8},"end":{"line":145,"column":5}}],"line":110},"12":{"loc":{"start":{"line":116,"column":18},"end":{"line":118,"column":15}},"type":"binary-expr","locations":[{"start":{"line":116,"column":18},"end":{"line":116,"column":49}},{"start":{"line":116,"column":53},"end":{"line":118,"column":15}}],"line":116},"13":{"loc":{"start":{"line":121,"column":15},"end":{"line":121,"column":74}},"type":"binary-expr","locations":[{"start":{"line":121,"column":15},"end":{"line":121,"column":38}},{"start":{"line":121,"column":42},"end":{"line":121,"column":74}}],"line":121},"14":{"loc":{"start":{"line":126,"column":8},"end":{"line":145,"column":5}},"type":"cond-expr","locations":[{"start":{"line":127,"column":6},"end":{"line":135,"column":13}},{"start":{"line":137,"column":6},"end":{"line":144,"column":8}}],"line":126}},"s":{"0":0,"1":0,"2":0,"3":0,"4":0,"5":0,"6":0,"7":0,"8":0,"9":0,"10":0,"11":0,"12":0,"13":0,"14":0,"15":0,"16":0,"17":0,"18":0,"19":0,"20":0},"f":{"0":0,"1":0,"2":0,"3":0,"4":0,"5":0},"b":{"0":[0,0],"1":[0,0],"2":[0,0],"3":[0,0],"4":[0,0],"5":[0,0],"6":[0,0],"7":[0,0],"8":[0,0],"9":[0,0],"10":[0,0],"11":[0,0],"12":[0,0],"13":[0,0],"14":[0,0]},"_coverageSchema":"332fd63041d2c1bcb487cc26dd0d5f7d97098a6c","hash":"63ebeb1540b0a12e5f57d5772281061c926c8bab"}
,"/Users/Jimmy/nearform/udaru-ui-admin/packages/udaru-admin-components/lib/view-nested-team-details.js": {"path":"/Users/Jimmy/nearform/udaru-ui-admin/packages/udaru-admin-components/lib/view-nested-team-details.js","statementMap":{"0":{"start":{"line":15,"column":4},"end":{"line":15,"column":64}},"1":{"start":{"line":15,"column":34},"end":{"line":15,"column":63}},"2":{"start":{"line":21,"column":30},"end":{"line":21,"column":66}},"3":{"start":{"line":22,"column":4},"end":{"line":22,"column":49}},"4":{"start":{"line":24,"column":4},"end":{"line":39,"column":5}},"5":{"start":{"line":25,"column":6},"end":{"line":25,"column":49}},"6":{"start":{"line":26,"column":23},"end":{"line":26,"column":54}},"7":{"start":{"line":28,"column":6},"end":{"line":30,"column":8}},"8":{"start":{"line":32,"column":6},"end":{"line":32,"column":35}},"9":{"start":{"line":34,"column":6},"end":{"line":38,"column":7}},"10":{"start":{"line":35,"column":8},"end":{"line":37,"column":10}},"11":{"start":{"line":40,"column":4},"end":{"line":43,"column":6}},"12":{"start":{"line":47,"column":21},"end":{"line":55,"column":5}},"13":{"start":{"line":57,"column":4},"end":{"line":57,"column":58}},"14":{"start":{"line":57,"column":22},"end":{"line":57,"column":58}},"15":{"start":{"line":59,"column":17},"end":{"line":59,"column":38}},"16":{"start":{"line":61,"column":4},"end":{"line":61,"column":15}},"17":{"start":{"line":65,"column":4},"end":{"line":65,"column":62}},"18":{"start":{"line":65,"column":45},"end":{"line":65,"column":61}},"19":{"start":{"line":69,"column":4},"end":{"line":69,"column":33}},"20":{"start":{"line":73,"column":4},"end":{"line":115,"column":5}}},"fnMap":{"0":{"name":"(anonymous_0)","decl":{"start":{"line":14,"column":2},"end":{"line":14,"column":3}},"loc":{"start":{"line":14,"column":23},"end":{"line":16,"column":3}},"line":14},"1":{"name":"(anonymous_1)","decl":{"start":{"line":15,"column":23},"end":{"line":15,"column":24}},"loc":{"start":{"line":15,"column":34},"end":{"line":15,"column":63}},"line":15},"2":{"name":"(anonymous_2)","decl":{"start":{"line":20,"column":2},"end":{"line":20,"column":3}},"loc":{"start":{"line":20,"column":22},"end":{"line":44,"column":3}},"line":20},"3":{"name":"(anonymous_3)","decl":{"start":{"line":46,"column":2},"end":{"line":46,"column":3}},"loc":{"start":{"line":46,"column":23},"end":{"line":62,"column":3}},"line":46},"4":{"name":"(anonymous_4)","decl":{"start":{"line":64,"column":2},"end":{"line":64,"column":3}},"loc":{"start":{"line":64,"column":25},"end":{"line":66,"column":3}},"line":64},"5":{"name":"(anonymous_5)","decl":{"start":{"line":65,"column":34},"end":{"line":65,"column":35}},"loc":{"start":{"line":65,"column":45},"end":{"line":65,"column":61}},"line":65},"6":{"name":"(anonymous_6)","decl":{"start":{"line":68,"column":2},"end":{"line":68,"column":3}},"loc":{"start":{"line":68,"column":22},"end":{"line":70,"column":3}},"line":68},"7":{"name":"(anonymous_7)","decl":{"start":{"line":72,"column":2},"end":{"line":72,"column":3}},"loc":{"start":{"line":72,"column":11},"end":{"line":116,"column":3}},"line":72}},"branchMap":{"0":{"loc":{"start":{"line":34,"column":6},"end":{"line":38,"column":7}},"type":"if","locations":[{"start":{"line":34,"column":6},"end":{"line":38,"column":7}},{"start":{"line":34,"column":6},"end":{"line":38,"column":7}}],"line":34},"1":{"loc":{"start":{"line":57,"column":4},"end":{"line":57,"column":58}},"type":"if","locations":[{"start":{"line":57,"column":4},"end":{"line":57,"column":58}},{"start":{"line":57,"column":4},"end":{"line":57,"column":58}}],"line":57},"2":{"loc":{"start":{"line":73,"column":11},"end":{"line":115,"column":5}},"type":"cond-expr","locations":[{"start":{"line":74,"column":6},"end":{"line":74,"column":22}},{"start":{"line":75,"column":8},"end":{"line":115,"column":5}}],"line":73},"3":{"loc":{"start":{"line":75,"column":8},"end":{"line":115,"column":5}},"type":"cond-expr","locations":[{"start":{"line":76,"column":6},"end":{"line":76,"column":20}},{"start":{"line":78,"column":6},"end":{"line":114,"column":23}}],"line":75},"4":{"loc":{"start":{"line":84,"column":24},"end":{"line":84,"column":63}},"type":"binary-expr","locations":[{"start":{"line":84,"column":24},"end":{"line":84,"column":39}},{"start":{"line":84,"column":43},"end":{"line":84,"column":63}}],"line":84}},"s":{"0":0,"1":0,"2":0,"3":0,"4":0,"5":0,"6":0,"7":0,"8":0,"9":0,"10":0,"11":0,"12":0,"13":0,"14":0,"15":0,"16":0,"17":0,"18":0,"19":0,"20":0},"f":{"0":0,"1":0,"2":0,"3":0,"4":0,"5":0,"6":0,"7":0},"b":{"0":[0,0],"1":[0,0],"2":[0,0],"3":[0,0],"4":[0,0]},"_coverageSchema":"332fd63041d2c1bcb487cc26dd0d5f7d97098a6c","hash":"a4501e08feaf8d166e59e191bd1603dc76c391b0"}
,"/Users/Jimmy/nearform/udaru-ui-admin/packages/udaru-admin-components/lib/view-nested-team.js": {"path":"/Users/Jimmy/nearform/udaru-ui-admin/packages/udaru-admin-components/lib/view-nested-team.js","statementMap":{"0":{"start":{"line":6,"column":19},"end":{"line":6,"column":44}},"1":{"start":{"line":6,"column":25},"end":{"line":6,"column":44}},"2":{"start":{"line":7,"column":17},"end":{"line":7,"column":66}},"3":{"start":{"line":7,"column":23},"end":{"line":7,"column":66}},"4":{"start":{"line":44,"column":4},"end":{"line":44,"column":64}},"5":{"start":{"line":44,"column":34},"end":{"line":44,"column":63}},"6":{"start":{"line":50,"column":30},"end":{"line":50,"column":79}},"7":{"start":{"line":51,"column":4},"end":{"line":51,"column":49}},"8":{"start":{"line":53,"column":4},"end":{"line":70,"column":5}},"9":{"start":{"line":54,"column":6},"end":{"line":54,"column":49}},"10":{"start":{"line":55,"column":23},"end":{"line":55,"column":54}},"11":{"start":{"line":56,"column":6},"end":{"line":60,"column":8}},"12":{"start":{"line":62,"column":6},"end":{"line":62,"column":35}},"13":{"start":{"line":64,"column":6},"end":{"line":69,"column":7}},"14":{"start":{"line":65,"column":8},"end":{"line":68,"column":10}},"15":{"start":{"line":74,"column":21},"end":{"line":84,"column":5}},"16":{"start":{"line":86,"column":4},"end":{"line":86,"column":58}},"17":{"start":{"line":86,"column":22},"end":{"line":86,"column":58}},"18":{"start":{"line":88,"column":17},"end":{"line":88,"column":38}},"19":{"start":{"line":90,"column":4},"end":{"line":90,"column":15}},"20":{"start":{"line":94,"column":29},"end":{"line":94,"column":39}},"21":{"start":{"line":95,"column":41},"end":{"line":95,"column":51}},"22":{"start":{"line":97,"column":4},"end":{"line":97,"column":58}},"23":{"start":{"line":101,"column":4},"end":{"line":101,"column":62}},"24":{"start":{"line":101,"column":45},"end":{"line":101,"column":61}},"25":{"start":{"line":105,"column":4},"end":{"line":113,"column":5}}},"fnMap":{"0":{"name":"(anonymous_0)","decl":{"start":{"line":6,"column":19},"end":{"line":6,"column":20}},"loc":{"start":{"line":6,"column":25},"end":{"line":6,"column":44}},"line":6},"1":{"name":"(anonymous_1)","decl":{"start":{"line":7,"column":17},"end":{"line":7,"column":18}},"loc":{"start":{"line":7,"column":23},"end":{"line":7,"column":66}},"line":7},"2":{"name":"(anonymous_2)","decl":{"start":{"line":43,"column":2},"end":{"line":43,"column":3}},"loc":{"start":{"line":43,"column":23},"end":{"line":45,"column":3}},"line":43},"3":{"name":"(anonymous_3)","decl":{"start":{"line":44,"column":23},"end":{"line":44,"column":24}},"loc":{"start":{"line":44,"column":34},"end":{"line":44,"column":63}},"line":44},"4":{"name":"(anonymous_4)","decl":{"start":{"line":49,"column":2},"end":{"line":49,"column":3}},"loc":{"start":{"line":49,"column":35},"end":{"line":71,"column":3}},"line":49},"5":{"name":"(anonymous_5)","decl":{"start":{"line":73,"column":2},"end":{"line":73,"column":3}},"loc":{"start":{"line":73,"column":36},"end":{"line":91,"column":3}},"line":73},"6":{"name":"(anonymous_6)","decl":{"start":{"line":93,"column":2},"end":{"line":93,"column":3}},"loc":{"start":{"line":93,"column":22},"end":{"line":98,"column":3}},"line":93},"7":{"name":"(anonymous_7)","decl":{"start":{"line":100,"column":2},"end":{"line":100,"column":3}},"loc":{"start":{"line":100,"column":25},"end":{"line":102,"column":3}},"line":100},"8":{"name":"(anonymous_8)","decl":{"start":{"line":101,"column":34},"end":{"line":101,"column":35}},"loc":{"start":{"line":101,"column":45},"end":{"line":101,"column":61}},"line":101},"9":{"name":"(anonymous_9)","decl":{"start":{"line":104,"column":2},"end":{"line":104,"column":3}},"loc":{"start":{"line":104,"column":11},"end":{"line":114,"column":3}},"line":104}},"branchMap":{"0":{"loc":{"start":{"line":64,"column":6},"end":{"line":69,"column":7}},"type":"if","locations":[{"start":{"line":64,"column":6},"end":{"line":69,"column":7}},{"start":{"line":64,"column":6},"end":{"line":69,"column":7}}],"line":64},"1":{"loc":{"start":{"line":86,"column":4},"end":{"line":86,"column":58}},"type":"if","locations":[{"start":{"line":86,"column":4},"end":{"line":86,"column":58}},{"start":{"line":86,"column":4},"end":{"line":86,"column":58}}],"line":86}},"s":{"0":1,"1":0,"2":1,"3":0,"4":0,"5":0,"6":0,"7":0,"8":0,"9":0,"10":0,"11":0,"12":0,"13":0,"14":0,"15":0,"16":0,"17":0,"18":0,"19":0,"20":0,"21":0,"22":0,"23":0,"24":0,"25":0},"f":{"0":0,"1":0,"2":0,"3":0,"4":0,"5":0,"6":0,"7":0,"8":0,"9":0},"b":{"0":[0,0],"1":[0,0]},"_coverageSchema":"332fd63041d2c1bcb487cc26dd0d5f7d97098a6c","hash":"d9ebde4d9ea1641f7490c25f6f1289cd0d9f9063"}
,"/Users/Jimmy/nearform/udaru-ui-admin/packages/udaru-admin-components/lib/view-team.js": {"path":"/Users/Jimmy/nearform/udaru-ui-admin/packages/udaru-admin-components/lib/view-team.js","statementMap":{"0":{"start":{"line":15,"column":4},"end":{"line":15,"column":64}},"1":{"start":{"line":15,"column":34},"end":{"line":15,"column":63}},"2":{"start":{"line":21,"column":30},"end":{"line":21,"column":66}},"3":{"start":{"line":22,"column":4},"end":{"line":22,"column":49}},"4":{"start":{"line":24,"column":4},"end":{"line":39,"column":5}},"5":{"start":{"line":25,"column":6},"end":{"line":25,"column":49}},"6":{"start":{"line":26,"column":23},"end":{"line":26,"column":54}},"7":{"start":{"line":28,"column":6},"end":{"line":30,"column":8}},"8":{"start":{"line":32,"column":6},"end":{"line":32,"column":35}},"9":{"start":{"line":34,"column":6},"end":{"line":38,"column":7}},"10":{"start":{"line":35,"column":8},"end":{"line":37,"column":10}},"11":{"start":{"line":40,"column":4},"end":{"line":43,"column":6}},"12":{"start":{"line":47,"column":21},"end":{"line":55,"column":5}},"13":{"start":{"line":57,"column":4},"end":{"line":57,"column":58}},"14":{"start":{"line":57,"column":22},"end":{"line":57,"column":58}},"15":{"start":{"line":59,"column":17},"end":{"line":59,"column":38}},"16":{"start":{"line":61,"column":4},"end":{"line":61,"column":15}},"17":{"start":{"line":65,"column":4},"end":{"line":67,"column":5}},"18":{"start":{"line":66,"column":6},"end":{"line":66,"column":34}},"19":{"start":{"line":71,"column":4},"end":{"line":71,"column":33}},"20":{"start":{"line":75,"column":4},"end":{"line":75,"column":62}},"21":{"start":{"line":75,"column":45},"end":{"line":75,"column":61}},"22":{"start":{"line":79,"column":4},"end":{"line":126,"column":5}}},"fnMap":{"0":{"name":"(anonymous_0)","decl":{"start":{"line":14,"column":2},"end":{"line":14,"column":3}},"loc":{"start":{"line":14,"column":23},"end":{"line":16,"column":3}},"line":14},"1":{"name":"(anonymous_1)","decl":{"start":{"line":15,"column":23},"end":{"line":15,"column":24}},"loc":{"start":{"line":15,"column":34},"end":{"line":15,"column":63}},"line":15},"2":{"name":"(anonymous_2)","decl":{"start":{"line":20,"column":2},"end":{"line":20,"column":3}},"loc":{"start":{"line":20,"column":22},"end":{"line":44,"column":3}},"line":20},"3":{"name":"(anonymous_3)","decl":{"start":{"line":46,"column":2},"end":{"line":46,"column":3}},"loc":{"start":{"line":46,"column":23},"end":{"line":62,"column":3}},"line":46},"4":{"name":"(anonymous_4)","decl":{"start":{"line":64,"column":2},"end":{"line":64,"column":3}},"loc":{"start":{"line":64,"column":39},"end":{"line":68,"column":3}},"line":64},"5":{"name":"(anonymous_5)","decl":{"start":{"line":70,"column":2},"end":{"line":70,"column":3}},"loc":{"start":{"line":70,"column":22},"end":{"line":72,"column":3}},"line":70},"6":{"name":"(anonymous_6)","decl":{"start":{"line":74,"column":2},"end":{"line":74,"column":3}},"loc":{"start":{"line":74,"column":25},"end":{"line":76,"column":3}},"line":74},"7":{"name":"(anonymous_7)","decl":{"start":{"line":75,"column":34},"end":{"line":75,"column":35}},"loc":{"start":{"line":75,"column":45},"end":{"line":75,"column":61}},"line":75},"8":{"name":"(anonymous_8)","decl":{"start":{"line":78,"column":2},"end":{"line":78,"column":3}},"loc":{"start":{"line":78,"column":11},"end":{"line":127,"column":3}},"line":78}},"branchMap":{"0":{"loc":{"start":{"line":34,"column":6},"end":{"line":38,"column":7}},"type":"if","locations":[{"start":{"line":34,"column":6},"end":{"line":38,"column":7}},{"start":{"line":34,"column":6},"end":{"line":38,"column":7}}],"line":34},"1":{"loc":{"start":{"line":57,"column":4},"end":{"line":57,"column":58}},"type":"if","locations":[{"start":{"line":57,"column":4},"end":{"line":57,"column":58}},{"start":{"line":57,"column":4},"end":{"line":57,"column":58}}],"line":57},"2":{"loc":{"start":{"line":65,"column":4},"end":{"line":67,"column":5}},"type":"if","locations":[{"start":{"line":65,"column":4},"end":{"line":67,"column":5}},{"start":{"line":65,"column":4},"end":{"line":67,"column":5}}],"line":65},"3":{"loc":{"start":{"line":79,"column":11},"end":{"line":126,"column":5}},"type":"cond-expr","locations":[{"start":{"line":80,"column":6},"end":{"line":80,"column":22}},{"start":{"line":81,"column":8},"end":{"line":126,"column":5}}],"line":79},"4":{"loc":{"start":{"line":81,"column":8},"end":{"line":126,"column":5}},"type":"cond-expr","locations":[{"start":{"line":82,"column":6},"end":{"line":82,"column":20}},{"start":{"line":84,"column":6},"end":{"line":125,"column":23}}],"line":81},"5":{"loc":{"start":{"line":90,"column":24},"end":{"line":90,"column":63}},"type":"binary-expr","locations":[{"start":{"line":90,"column":24},"end":{"line":90,"column":39}},{"start":{"line":90,"column":43},"end":{"line":90,"column":63}}],"line":90},"6":{"loc":{"start":{"line":94,"column":13},"end":{"line":107,"column":15}},"type":"binary-expr","locations":[{"start":{"line":94,"column":13},"end":{"line":94,"column":36}},{"start":{"line":95,"column":14},"end":{"line":95,"column":46}},{"start":{"line":96,"column":16},"end":{"line":106,"column":22}}],"line":94}},"s":{"0":0,"1":0,"2":0,"3":0,"4":0,"5":0,"6":0,"7":0,"8":0,"9":0,"10":0,"11":0,"12":0,"13":0,"14":0,"15":0,"16":0,"17":0,"18":0,"19":0,"20":0,"21":0,"22":0},"f":{"0":0,"1":0,"2":0,"3":0,"4":0,"5":0,"6":0,"7":0,"8":0},"b":{"0":[0,0],"1":[0,0],"2":[0,0],"3":[0,0],"4":[0,0],"5":[0,0],"6":[0,0,0]},"_coverageSchema":"332fd63041d2c1bcb487cc26dd0d5f7d97098a6c","hash":"860cc675e60629197640d9212d4c31a76861a927"}
}
