TN:
SF:/Users/Jimmy/nearform/udaru-ui-admin/packages/udaru-admin-components/lib/create-team-form.js
FN:43,(anonymous_0)
FN:51,(anonymous_1)
FN:52,(anonymous_2)
FN:56,(anonymous_3)
FN:60,(anonymous_4)
FN:61,(anonymous_5)
FN:69,(anonymous_6)
FN:78,(anonymous_7)
FN:90,(anonymous_8)
FN:101,(anonymous_9)
FNF:10
FNH:10
FNDA:1,(anonymous_0)
FNDA:4,(anonymous_1)
FNDA:12,(anonymous_2)
FNDA:2,(anonymous_3)
FNDA:10,(anonymous_4)
FNDA:10,(anonymous_5)
FNDA:3,(anonymous_6)
FNDA:16,(anonymous_7)
FNDA:16,(anonymous_8)
FNDA:55,(anonymous_9)
DA:44,1
DA:52,12
DA:57,2
DA:60,10
DA:62,10
DA:63,10
DA:70,3
DA:72,3
DA:79,16
DA:80,16
DA:81,16
DA:91,16
DA:92,16
DA:93,16
DA:102,55
LF:15
LH:15
BRDA:20,0,0,16
BRDA:20,0,1,16
BRDA:21,1,0,16
BRDA:21,1,1,16
BRDA:22,2,0,16
BRDA:22,2,1,16
BRDA:23,3,0,16
BRDA:23,3,1,16
BRDA:24,4,0,16
BRDA:24,4,1,16
BRDA:62,5,0,4
BRDA:62,5,1,6
BRDA:72,6,0,1
BRDA:72,6,1,2
BRDA:96,7,0,15
BRDA:96,7,1,1
BRDA:109,8,0,55
BRDA:109,8,1,2
BRF:18
BRH:18
end_of_record
TN:
SF:/Users/Jimmy/nearform/udaru-ui-admin/packages/udaru-admin-components/lib/create-team.js
FN:25,(anonymous_0)
FN:32,(anonymous_1)
FN:40,(anonymous_2)
FN:62,(anonymous_3)
FN:94,(anonymous_4)
FN:102,(anonymous_5)
FNF:6
FNH:6
FNDA:1,(anonymous_0)
FNDA:1,(anonymous_1)
FNDA:4,(anonymous_2)
FNDA:4,(anonymous_3)
FNDA:1,(anonymous_4)
FNDA:14,(anonymous_5)
DA:26,1
DA:33,1
DA:37,1
DA:41,4
DA:42,1
DA:43,3
DA:44,1
DA:46,2
DA:52,2
DA:53,1
DA:56,1
DA:58,1
DA:63,4
DA:65,4
DA:70,4
DA:80,4
DA:81,4
DA:82,1
DA:86,3
DA:95,1
DA:103,14
LF:21
LH:21
BRDA:37,0,0,1
BRDA:37,0,1,1
BRDA:41,1,0,1
BRDA:41,1,1,3
BRDA:43,2,0,1
BRDA:43,2,1,2
BRDA:52,3,0,1
BRDA:52,3,1,1
BRDA:66,4,0,4
BRDA:66,4,1,3
BRDA:67,5,0,4
BRDA:67,5,1,2
BRDA:103,6,0,1
BRDA:103,6,1,13
BRDA:117,7,0,13
BRDA:117,7,1,4
BRDA:120,8,0,4
BRDA:120,8,1,4
BRF:18
BRH:18
end_of_record
TN:
SF:/Users/Jimmy/nearform/udaru-ui-admin/packages/udaru-admin-components/lib/delete-team.js
FN:30,(anonymous_0)
FN:37,(anonymous_1)
FN:45,(anonymous_2)
FN:65,(anonymous_3)
FN:92,(anonymous_4)
FN:101,(anonymous_5)
FNF:6
FNH:6
FNDA:1,(anonymous_0)
FNDA:1,(anonymous_1)
FNDA:4,(anonymous_2)
FNDA:4,(anonymous_3)
FNDA:1,(anonymous_4)
FNDA:16,(anonymous_5)
DA:31,1
DA:38,1
DA:42,1
DA:46,4
DA:47,1
DA:48,3
DA:49,1
DA:51,2
DA:59,2
DA:60,1
DA:66,4
DA:68,4
DA:73,4
DA:78,4
DA:79,4
DA:80,1
DA:84,3
DA:93,1
DA:102,16
LF:19
LH:19
BRDA:9,0,0,3
BRDA:9,0,1,7
BRDA:11,1,0,1
BRDA:11,1,1,6
BRDA:42,2,0,1
BRDA:42,2,1,1
BRDA:46,3,0,1
BRDA:46,3,1,3
BRDA:48,4,0,1
BRDA:48,4,1,2
BRDA:59,5,0,1
BRDA:59,5,1,1
BRDA:69,6,0,4
BRDA:69,6,1,3
BRDA:70,7,0,4
BRDA:70,7,1,4
BRDA:93,8,0,1
BRDA:93,8,1,1
BRDA:102,9,0,7
BRDA:102,9,1,9
BRDA:108,10,0,7
BRDA:108,10,1,2
BRDA:113,11,0,7
BRDA:113,11,1,7
BRDA:118,12,0,1
BRDA:118,12,1,8
BRF:26
BRH:26
end_of_record
TN:
SF:/Users/Jimmy/nearform/udaru-ui-admin/packages/udaru-admin-components/lib/index.js
FNF:0
FNH:0
LF:0
LH:0
BRF:0
BRH:0
end_of_record
TN:
SF:/Users/Jimmy/nearform/udaru-ui-admin/packages/udaru-admin-components/lib/makeCancellable.js
FN:2,(anonymous_0)
FN:6,(anonymous_1)
FN:8,(anonymous_2)
FN:9,(anonymous_3)
FNF:4
FNH:4
FNDA:5,(anonymous_0)
FNDA:5,(anonymous_1)
FNDA:3,(anonymous_2)
FNDA:2,(anonymous_3)
DA:2,2
DA:3,5
DA:5,5
DA:7,5
DA:8,3
DA:9,2
DA:13,2
LF:7
LH:7
BRDA:8,0,0,1
BRDA:8,0,1,2
BRDA:9,1,0,1
BRDA:9,1,1,1
BRF:4
BRH:4
end_of_record
TN:
SF:/Users/Jimmy/nearform/udaru-ui-admin/packages/udaru-admin-components/lib/nested-team-table.js
FN:7,(anonymous_0)
FN:12,(anonymous_1)
FN:20,(anonymous_2)
FN:27,(anonymous_3)
FNF:4
FNH:4
FNDA:1,(anonymous_0)
FNDA:2,(anonymous_1)
FNDA:1,(anonymous_2)
FNDA:2,(anonymous_3)
DA:8,1
DA:13,2
DA:20,1
DA:39,2
DA:41,2
LF:5
LH:5
BRF:0
BRH:0
end_of_record
TN:
SF:/Users/Jimmy/nearform/udaru-ui-admin/packages/udaru-admin-components/lib/remote-paging.js
FN:36,(anonymous_0)
FN:41,(anonymous_1)
FN:62,(anonymous_2)
FN:81,(anonymous_3)
FNF:4
FNH:4
FNDA:1,(anonymous_0)
FNDA:1,(anonymous_1)
FNDA:3,(anonymous_2)
FNDA:4,(anonymous_3)
DA:37,1
DA:48,1
DA:49,1
DA:63,3
DA:94,4
DA:96,4
LF:6
LH:6
BRDA:63,0,0,2
BRDA:63,0,1,1
BRDA:64,1,0,1
BRDA:64,1,1,1
BRF:4
BRH:4
end_of_record
TN:
SF:/Users/Jimmy/nearform/udaru-ui-admin/packages/udaru-admin-components/lib/team-users-table.js
FN:22,(anonymous_0)
FNF:1
FNH:1
FNDA:1,(anonymous_0)
DA:31,1
DA:33,1
LF:2
LH:2
BRF:0
BRH:0
end_of_record
TN:
SF:/Users/Jimmy/nearform/udaru-ui-admin/packages/udaru-admin-components/lib/team-users.js
FN:20,(anonymous_0)
FN:21,(anonymous_1)
FN:26,(anonymous_2)
FN:56,(anonymous_3)
FN:76,(anonymous_4)
FN:84,(anonymous_5)
FN:85,(anonymous_6)
FN:89,(anonymous_7)
FN:94,(anonymous_8)
FN:98,(anonymous_9)
FNF:10
FNH:0
FNDA:0,(anonymous_0)
FNDA:0,(anonymous_1)
FNDA:0,(anonymous_2)
FNDA:0,(anonymous_3)
FNDA:0,(anonymous_4)
FNDA:0,(anonymous_5)
FNDA:0,(anonymous_6)
FNDA:0,(anonymous_7)
FNDA:0,(anonymous_8)
FNDA:0,(anonymous_9)
DA:21,0
DA:27,0
DA:30,0
DA:32,0
DA:33,0
DA:34,0
DA:36,0
DA:42,0
DA:44,0
DA:45,0
DA:50,0
DA:57,0
DA:69,0
DA:71,0
DA:73,0
DA:77,0
DA:85,0
DA:90,0
DA:95,0
DA:99,0
LF:20
LH:0
BRDA:44,0,0,0
BRDA:44,0,1,0
BRDA:69,1,0,0
BRDA:69,1,1,0
BRDA:99,2,0,0
BRDA:99,2,1,0
BRDA:101,3,0,0
BRDA:101,3,1,0
BRDA:104,4,0,0
BRDA:104,4,1,0
BRF:10
BRH:0
end_of_record
TN:
SF:/Users/Jimmy/nearform/udaru-ui-admin/packages/udaru-admin-components/lib/team.js
FN:5,(anonymous_0)
FNF:1
FNH:0
FNDA:0,(anonymous_0)
DA:6,0
DA:8,0
LF:2
LH:0
BRF:0
BRH:0
end_of_record
TN:
SF:/Users/Jimmy/nearform/udaru-ui-admin/packages/udaru-admin-components/lib/teams-policies-mapper.js
FN:41,(anonymous_0)
FN:51,(anonymous_1)
FN:52,(anonymous_2)
FN:55,(anonymous_3)
FN:59,(anonymous_4)
FN:62,(anonymous_5)
FN:63,(anonymous_6)
FN:69,(anonymous_7)
FN:70,(anonymous_8)
FN:71,(anonymous_9)
FN:74,(anonymous_10)
FN:98,(anonymous_11)
FN:116,(anonymous_12)
FN:140,(anonymous_13)
FN:159,(anonymous_14)
FN:173,(anonymous_15)
FN:187,(anonymous_16)
FN:197,(anonymous_17)
FN:210,(anonymous_18)
FN:213,(anonymous_19)
FN:219,(anonymous_20)
FN:222,(anonymous_21)
FN:228,(anonymous_22)
FN:229,(anonymous_23)
FN:233,(anonymous_24)
FN:233,(anonymous_25)
FN:238,(anonymous_26)
FN:239,(anonymous_27)
FN:249,(anonymous_28)
FN:250,(anonymous_29)
FN:254,(anonymous_30)
FN:255,(anonymous_31)
FN:260,(anonymous_32)
FN:260,(anonymous_33)
FN:270,(anonymous_34)
FN:276,(anonymous_35)
FN:325,(anonymous_36)
FN:335,(anonymous_37)
FN:376,(anonymous_38)
FN:386,(anonymous_39)
FNF:40
FNH:0
FNDA:0,(anonymous_0)
FNDA:0,(anonymous_1)
FNDA:0,(anonymous_2)
FNDA:0,(anonymous_3)
FNDA:0,(anonymous_4)
FNDA:0,(anonymous_5)
FNDA:0,(anonymous_6)
FNDA:0,(anonymous_7)
FNDA:0,(anonymous_8)
FNDA:0,(anonymous_9)
FNDA:0,(anonymous_10)
FNDA:0,(anonymous_11)
FNDA:0,(anonymous_12)
FNDA:0,(anonymous_13)
FNDA:0,(anonymous_14)
FNDA:0,(anonymous_15)
FNDA:0,(anonymous_16)
FNDA:0,(anonymous_17)
FNDA:0,(anonymous_18)
FNDA:0,(anonymous_19)
FNDA:0,(anonymous_20)
FNDA:0,(anonymous_21)
FNDA:0,(anonymous_22)
FNDA:0,(anonymous_23)
FNDA:0,(anonymous_24)
FNDA:0,(anonymous_25)
FNDA:0,(anonymous_26)
FNDA:0,(anonymous_27)
FNDA:0,(anonymous_28)
FNDA:0,(anonymous_29)
FNDA:0,(anonymous_30)
FNDA:0,(anonymous_31)
FNDA:0,(anonymous_32)
FNDA:0,(anonymous_33)
FNDA:0,(anonymous_34)
FNDA:0,(anonymous_35)
FNDA:0,(anonymous_36)
FNDA:0,(anonymous_37)
FNDA:0,(anonymous_38)
FNDA:0,(anonymous_39)
DA:42,0
DA:52,0
DA:56,0
DA:57,0
DA:59,0
DA:60,0
DA:63,0
DA:70,0
DA:71,0
DA:75,0
DA:76,0
DA:78,0
DA:79,0
DA:80,0
DA:81,0
DA:87,0
DA:89,0
DA:90,0
DA:99,0
DA:109,0
DA:111,0
DA:113,0
DA:117,0
DA:118,0
DA:120,0
DA:121,0
DA:122,0
DA:124,0
DA:129,0
DA:131,0
DA:132,0
DA:141,0
DA:151,0
DA:153,0
DA:155,0
DA:160,0
DA:161,0
DA:162,0
DA:164,0
DA:165,0
DA:166,0
DA:168,0
DA:172,0
DA:173,0
DA:176,0
DA:178,0
DA:179,0
DA:188,0
DA:197,0
DA:202,0
DA:204,0
DA:206,0
DA:211,0
DA:213,0
DA:220,0
DA:222,0
DA:229,0
DA:230,0
DA:233,0
DA:239,0
DA:250,0
DA:251,0
DA:255,0
DA:260,0
DA:271,0
DA:277,0
DA:326,0
DA:327,0
DA:329,0
DA:330,0
DA:333,0
DA:336,0
DA:377,0
DA:378,0
DA:380,0
DA:381,0
DA:384,0
DA:387,0
LF:78
LH:0
BRDA:89,0,0,0
BRDA:89,0,1,0
BRDA:109,1,0,0
BRDA:109,1,1,0
BRDA:131,2,0,0
BRDA:131,2,1,0
BRDA:151,3,0,0
BRDA:151,3,1,0
BRDA:178,4,0,0
BRDA:178,4,1,0
BRDA:202,5,0,0
BRDA:202,5,1,0
BRDA:287,6,0,0
BRDA:287,6,1,0
BRDA:296,7,0,0
BRDA:296,7,1,0
BRDA:326,8,0,0
BRDA:326,8,1,0
BRDA:329,9,0,0
BRDA:329,9,1,0
BRDA:377,10,0,0
BRDA:377,10,1,0
BRDA:380,11,0,0
BRDA:380,11,1,0
BRF:24
BRH:0
end_of_record
TN:
SF:/Users/Jimmy/nearform/udaru-ui-admin/packages/udaru-admin-components/lib/teams-table.js
FN:14,(anonymous_0)
FN:15,(anonymous_1)
FN:71,(anonymous_2)
FN:72,(anonymous_3)
FN:77,(anonymous_4)
FN:106,(anonymous_5)
FN:124,(anonymous_6)
FN:125,(anonymous_7)
FN:128,(anonymous_8)
FN:133,(anonymous_9)
FN:138,(anonymous_10)
FN:143,(anonymous_11)
FN:150,(anonymous_12)
FN:157,(anonymous_13)
FN:158,(anonymous_14)
FN:167,(anonymous_15)
FN:176,(anonymous_16)
FN:186,(anonymous_17)
FN:193,(anonymous_18)
FN:200,(anonymous_19)
FN:209,(anonymous_20)
FN:225,(anonymous_21)
FN:226,(anonymous_22)
FN:235,(anonymous_23)
FNF:24
FNH:0
FNDA:0,(anonymous_0)
FNDA:0,(anonymous_1)
FNDA:0,(anonymous_2)
FNDA:0,(anonymous_3)
FNDA:0,(anonymous_4)
FNDA:0,(anonymous_5)
FNDA:0,(anonymous_6)
FNDA:0,(anonymous_7)
FNDA:0,(anonymous_8)
FNDA:0,(anonymous_9)
FNDA:0,(anonymous_10)
FNDA:0,(anonymous_11)
FNDA:0,(anonymous_12)
FNDA:0,(anonymous_13)
FNDA:0,(anonymous_14)
FNDA:0,(anonymous_15)
FNDA:0,(anonymous_16)
FNDA:0,(anonymous_17)
FNDA:0,(anonymous_18)
FNDA:0,(anonymous_19)
FNDA:0,(anonymous_20)
FNDA:0,(anonymous_21)
FNDA:0,(anonymous_22)
FNDA:0,(anonymous_23)
DA:14,1
DA:15,1
DA:72,0
DA:78,0
DA:79,0
DA:81,0
DA:82,0
DA:83,0
DA:84,0
DA:95,0
DA:97,0
DA:98,0
DA:107,0
DA:117,0
DA:119,0
DA:121,0
DA:125,0
DA:129,0
DA:134,0
DA:139,0
DA:144,0
DA:151,0
DA:158,0
DA:159,0
DA:168,0
DA:177,0
DA:178,0
DA:187,0
DA:194,0
DA:201,0
DA:205,0
DA:210,0
DA:211,0
DA:216,0
DA:225,0
DA:227,0
DA:236,0
DA:238,0
LF:38
LH:2
BRDA:97,0,0,0
BRDA:97,0,1,0
BRDA:117,1,0,0
BRDA:117,1,1,0
BRDA:210,2,0,0
BRDA:210,2,1,0
BRDA:238,3,0,0
BRDA:238,3,1,0
BRDA:240,4,0,0
BRDA:240,4,1,0
BRDA:242,5,0,0
BRDA:242,5,1,0
BRDA:249,6,0,0
BRDA:249,6,1,0
BRDA:259,7,0,0
BRDA:259,7,1,0
BRDA:269,8,0,0
BRDA:269,8,1,0
BRDA:277,9,0,0
BRDA:277,9,1,0
BRDA:286,10,0,0
BRDA:286,10,1,0
BRF:22
BRH:0
end_of_record
TN:
SF:/Users/Jimmy/nearform/udaru-ui-admin/packages/udaru-admin-components/lib/toolbar.js
FN:30,(anonymous_0)
FNF:1
FNH:1
FNDA:2,(anonymous_0)
DA:31,2
LF:1
LH:1
BRDA:41,0,0,1
BRDA:41,0,1,1
BRDA:61,1,0,1
BRDA:61,1,1,1
BRDA:70,2,0,1
BRDA:70,2,1,1
BRDA:90,3,0,1
BRDA:90,3,1,1
BRDA:99,4,0,1
BRDA:99,4,1,1
BRDA:114,5,0,1
BRDA:114,5,1,1
BRF:12
BRH:12
end_of_record
TN:
SF:/Users/Jimmy/nearform/udaru-ui-admin/packages/udaru-admin-components/lib/update-team-form.js
FN:35,(anonymous_0)
FN:42,(anonymous_1)
FN:47,(anonymous_2)
FN:48,(anonymous_3)
FN:52,(anonymous_4)
FN:56,(anonymous_5)
FN:57,(anonymous_6)
FN:65,(anonymous_7)
FN:74,(anonymous_8)
FN:86,(anonymous_9)
FN:98,(anonymous_10)
FNF:11
FNH:0
FNDA:0,(anonymous_0)
FNDA:0,(anonymous_1)
FNDA:0,(anonymous_2)
FNDA:0,(anonymous_3)
FNDA:0,(anonymous_4)
FNDA:0,(anonymous_5)
FNDA:0,(anonymous_6)
FNDA:0,(anonymous_7)
FNDA:0,(anonymous_8)
FNDA:0,(anonymous_9)
FNDA:0,(anonymous_10)
DA:36,0
DA:43,0
DA:48,0
DA:53,0
DA:56,0
DA:58,0
DA:59,0
DA:66,0
DA:68,0
DA:75,0
DA:76,0
DA:77,0
DA:87,0
DA:88,0
DA:89,0
DA:95,0
DA:99,0
LF:17
LH:0
BRDA:20,0,0,0
BRDA:20,0,1,0
BRDA:21,1,0,0
BRDA:21,1,1,0
BRDA:58,2,0,0
BRDA:58,2,1,0
BRDA:68,3,0,0
BRDA:68,3,1,0
BRDA:92,4,0,0
BRDA:92,4,1,0
BRDA:106,5,0,0
BRDA:106,5,1,0
BRF:12
BRH:0
end_of_record
TN:
SF:/Users/Jimmy/nearform/udaru-ui-admin/packages/udaru-admin-components/lib/update-team.js
FN:33,(anonymous_0)
FN:40,(anonymous_1)
FN:48,(anonymous_2)
FN:73,(anonymous_3)
FN:100,(anonymous_4)
FN:109,(anonymous_5)
FNF:6
FNH:0
FNDA:0,(anonymous_0)
FNDA:0,(anonymous_1)
FNDA:0,(anonymous_2)
FNDA:0,(anonymous_3)
FNDA:0,(anonymous_4)
FNDA:0,(anonymous_5)
DA:34,0
DA:41,0
DA:45,0
DA:49,0
DA:50,0
DA:51,0
DA:52,0
DA:54,0
DA:63,0
DA:64,0
DA:67,0
DA:69,0
DA:74,0
DA:76,0
DA:81,0
DA:86,0
DA:87,0
DA:88,0
DA:92,0
DA:101,0
DA:110,0
LF:21
LH:0
BRDA:10,0,0,0
BRDA:10,0,1,0
BRDA:11,1,0,0
BRDA:11,1,1,0
BRDA:13,2,0,0
BRDA:13,2,1,0
BRDA:13,3,0,0
BRDA:13,3,1,0
BRDA:45,4,0,0
BRDA:45,4,1,0
BRDA:49,5,0,0
BRDA:49,5,1,0
BRDA:51,6,0,0
BRDA:51,6,1,0
BRDA:63,7,0,0
BRDA:63,7,1,0
BRDA:77,8,0,0
BRDA:77,8,1,0
BRDA:78,9,0,0
BRDA:78,9,1,0
BRDA:101,10,0,0
BRDA:101,10,1,0
BRDA:110,11,0,0
BRDA:110,11,1,0
BRDA:116,12,0,0
BRDA:116,12,1,0
BRDA:121,13,0,0
BRDA:121,13,1,0
BRDA:126,14,0,0
BRDA:126,14,1,0
BRF:30
BRH:0
end_of_record
TN:
SF:/Users/Jimmy/nearform/udaru-ui-admin/packages/udaru-admin-components/lib/view-nested-team-details.js
FN:14,(anonymous_0)
FN:15,(anonymous_1)
FN:20,(anonymous_2)
FN:46,(anonymous_3)
FN:64,(anonymous_4)
FN:65,(anonymous_5)
FN:68,(anonymous_6)
FN:72,(anonymous_7)
FNF:8
FNH:0
FNDA:0,(anonymous_0)
FNDA:0,(anonymous_1)
FNDA:0,(anonymous_2)
FNDA:0,(anonymous_3)
FNDA:0,(anonymous_4)
FNDA:0,(anonymous_5)
FNDA:0,(anonymous_6)
FNDA:0,(anonymous_7)
DA:15,0
DA:21,0
DA:22,0
DA:24,0
DA:25,0
DA:26,0
DA:28,0
DA:32,0
DA:34,0
DA:35,0
DA:40,0
DA:47,0
DA:57,0
DA:59,0
DA:61,0
DA:65,0
DA:69,0
DA:73,0
LF:18
LH:0
BRDA:34,0,0,0
BRDA:34,0,1,0
BRDA:57,1,0,0
BRDA:57,1,1,0
BRDA:73,2,0,0
BRDA:73,2,1,0
BRDA:75,3,0,0
BRDA:75,3,1,0
BRDA:84,4,0,0
BRDA:84,4,1,0
BRF:10
BRH:0
end_of_record
TN:
SF:/Users/Jimmy/nearform/udaru-ui-admin/packages/udaru-admin-components/lib/view-nested-team.js
FN:6,(anonymous_0)
FN:7,(anonymous_1)
FN:43,(anonymous_2)
FN:44,(anonymous_3)
FN:49,(anonymous_4)
FN:73,(anonymous_5)
FN:93,(anonymous_6)
FN:100,(anonymous_7)
FN:101,(anonymous_8)
FN:104,(anonymous_9)
FNF:10
FNH:0
FNDA:0,(anonymous_0)
FNDA:0,(anonymous_1)
FNDA:0,(anonymous_2)
FNDA:0,(anonymous_3)
FNDA:0,(anonymous_4)
FNDA:0,(anonymous_5)
FNDA:0,(anonymous_6)
FNDA:0,(anonymous_7)
FNDA:0,(anonymous_8)
FNDA:0,(anonymous_9)
DA:6,1
DA:7,1
DA:44,0
DA:50,0
DA:51,0
DA:53,0
DA:54,0
DA:55,0
DA:56,0
DA:62,0
DA:64,0
DA:65,0
DA:74,0
DA:86,0
DA:88,0
DA:90,0
DA:94,0
DA:95,0
DA:97,0
DA:101,0
DA:105,0
LF:21
LH:2
BRDA:64,0,0,0
BRDA:64,0,1,0
BRDA:86,1,0,0
BRDA:86,1,1,0
BRF:4
BRH:0
end_of_record
TN:
SF:/Users/Jimmy/nearform/udaru-ui-admin/packages/udaru-admin-components/lib/view-team.js
FN:14,(anonymous_0)
FN:15,(anonymous_1)
FN:20,(anonymous_2)
FN:46,(anonymous_3)
FN:64,(anonymous_4)
FN:70,(anonymous_5)
FN:74,(anonymous_6)
FN:75,(anonymous_7)
FN:78,(anonymous_8)
FNF:9
FNH:0
FNDA:0,(anonymous_0)
FNDA:0,(anonymous_1)
FNDA:0,(anonymous_2)
FNDA:0,(anonymous_3)
FNDA:0,(anonymous_4)
FNDA:0,(anonymous_5)
FNDA:0,(anonymous_6)
FNDA:0,(anonymous_7)
FNDA:0,(anonymous_8)
DA:15,0
DA:21,0
DA:22,0
DA:24,0
DA:25,0
DA:26,0
DA:28,0
DA:32,0
DA:34,0
DA:35,0
DA:40,0
DA:47,0
DA:57,0
DA:59,0
DA:61,0
DA:65,0
DA:66,0
DA:71,0
DA:75,0
DA:79,0
LF:20
LH:0
BRDA:34,0,0,0
BRDA:34,0,1,0
BRDA:57,1,0,0
BRDA:57,1,1,0
BRDA:65,2,0,0
BRDA:65,2,1,0
BRDA:79,3,0,0
BRDA:79,3,1,0
BRDA:81,4,0,0
BRDA:81,4,1,0
BRDA:90,5,0,0
BRDA:90,5,1,0
BRDA:94,6,0,0
BRDA:94,6,1,0
BRDA:94,6,2,0
BRF:15
BRH:0
end_of_record
